Using pre-set license
Built from '2020.2/release' branch; Version is '2020.2.4f1 (becced5a802b) revision 12504301'; Using compiler version '192528614'; Build Type 'Release'
OS: 'Windows 10 Pro; OS build 19042.1237; Version 2009; 64bit' Language: 'zh' Physical Memory: 32686 MB
BatchMode: 1, IsHumanControllingUs: 0, StartBugReporterOnCrash: 0, Is64bit: 1, IsPro: 0

 COMMAND LINE ARGUMENTS:
C:\Program Files\Unity\Hub\Editor\2020.2.4f1\Editor\Unity.exe
-adb2
-batchMode
-noUpm
-name
AssetImportWorker0
-projectPath
D:/UnityGame/PacMan
-logFile
Logs/AssetImportWorker0.log
-srvPort
56717
Successfully changed project path to: D:/UnityGame/PacMan
D:/UnityGame/PacMan
Using Asset Import Pipeline V2.
Refreshing native plugins compatible for Editor in 31.92 ms, found 1 plugins.
Preloading 0 native plugins for Editor in 0.00 ms.
Initialize engine version: 2020.2.4f1 (becced5a802b)
[Subsystems] Discovering subsystems at path C:/Program Files/Unity/Hub/Editor/2020.2.4f1/Editor/Data/Resources/UnitySubsystems
[Subsystems] Discovering subsystems at path D:/UnityGame/PacMan/Assets
GfxDevice: creating device client; threaded=0
Direct3D:
    Version:  Direct3D 11.0 [level 11.1]
    Renderer: NVIDIA GeForce RTX 2080 Ti (ID=0x1e07)
    Vendor:   
    VRAM:     11049 MB
    Driver:   27.21.14.5671
Initialize mono
Mono path[0] = 'C:/Program Files/Unity/Hub/Editor/2020.2.4f1/Editor/Data/Managed'
Mono path[1] = 'C:/Program Files/Unity/Hub/Editor/2020.2.4f1/Editor/Data/MonoBleedingEdge/lib/mono/unityjit'
Mono config path = 'C:/Program Files/Unity/Hub/Editor/2020.2.4f1/Editor/Data/MonoBleedingEdge/etc'
Using monoOptions --debugger-agent=transport=dt_socket,embedding=1,server=y,suspend=n,address=127.0.0.1:56468
Begin MonoManager ReloadAssembly
Registering precompiled unity dll's ...
Register platform support module: C:/Program Files/Unity/Hub/Editor/2020.2.4f1/Editor/Data/PlaybackEngines/WebGLSupport/UnityEditor.WebGL.Extensions.dll
Register platform support module: C:/Program Files/Unity/Hub/Editor/2020.2.4f1/Editor/Data/PlaybackEngines/MacStandaloneSupport/UnityEditor.OSXStandalone.Extensions.dll
Register platform support module: C:/Program Files/Unity/Hub/Editor/2020.2.4f1/Editor/Data/PlaybackEngines/WindowsStandaloneSupport/UnityEditor.WindowsStandalone.Extensions.dll
Registered in 0.002086 seconds.
Native extension for WindowsStandalone target not found
Native extension for OSXStandalone target not found
Native extension for WebGL target not found
Refreshing native plugins compatible for Editor in 30.15 ms, found 1 plugins.
Preloading 0 native plugins for Editor in 0.00 ms.
Invoked RoslynAnalysisRunner static constructor.
RoslynAnalysisRunner will not be running.
RoslynAnalysisRunner has terminated.
Mono: successfully reloaded assembly
- Completed reload, in  0.932 seconds
Platform modules already initialized, skipping
Registering precompiled user dll's ...
Registered in 0.000930 seconds.
Begin MonoManager ReloadAssembly
Native extension for WindowsStandalone target not found
Native extension for OSXStandalone target not found
Native extension for WebGL target not found
Refreshing native plugins compatible for Editor in 31.17 ms, found 1 plugins.
Preloading 0 native plugins for Editor in 0.00 ms.
Invoked RoslynAnalysisRunner static constructor.
RoslynAnalysisRunner will not be running.
RoslynAnalysisRunner has terminated.
Mono: successfully reloaded assembly
- Completed reload, in  0.705 seconds
Platform modules already initialized, skipping
========================================================================
Worker process is ready to serve import requests
Launched and connected shader compiler UnityShaderCompiler.exe after 0.03 seconds
Refreshing native plugins compatible for Editor in 0.39 ms, found 1 plugins.
Preloading 0 native plugins for Editor in 0.00 ms.
Unloading 2022 Unused Serialized files (Serialized files now loaded: 0)
System memory in use before: 92.6 MB.
System memory in use after: 92.6 MB.

Unloading 44 unused Assets to reduce memory usage. Loaded Objects now: 2446.
Total: 1.727100 ms (FindLiveObjects: 0.133500 ms CreateObjectMapping: 0.056600 ms MarkObjects: 1.442200 ms  DeleteObjects: 0.093900 ms)

========================================================================
Received Import Request.
  path: Assets/Prefabs/MazeUncomplete.prefab
  artifactKey: Guid(67a6290922edf704595bd416893b1a4a) Importer(815301076,1909f56bfc062723c751e8b465ee728b)
Start importing Assets/Prefabs/MazeUncomplete.prefab using Guid(67a6290922edf704595bd416893b1a4a) Importer(815301076,1909f56bfc062723c751e8b465ee728b)  -> (artifact id: '9d1e95e12d1667b2802b79d77c47e24b') in 0.018982 seconds
  Import took 0.021217 seconds .

========================================================================
Received Import Request.
  Time since last request: 106.228695 seconds.
  path: Assets/Prefabs/MazeComplete.prefab
  artifactKey: Guid(48627448fc5cdfd4b941981034537766) Importer(815301076,1909f56bfc062723c751e8b465ee728b)
Start importing Assets/Prefabs/MazeComplete.prefab using Guid(48627448fc5cdfd4b941981034537766) Importer(815301076,1909f56bfc062723c751e8b465ee728b)  -> (artifact id: '5504a2cf48b8287f94e849e495686544') in 0.001760 seconds
  Import took 0.004873 seconds .

========================================================================
Received Import Request.
  Time since last request: 0.000324 seconds.
  path: Assets/Prefabs/MazeComplete.prefab
  artifactKey: Guid(48627448fc5cdfd4b941981034537766) Importer(815301076,1909f56bfc062723c751e8b465ee728b)
Start importing Assets/Prefabs/MazeComplete.prefab using Guid(48627448fc5cdfd4b941981034537766) Importer(815301076,1909f56bfc062723c751e8b465ee728b)  -> (artifact id: '5504a2cf48b8287f94e849e495686544') in 0.001242 seconds
  Import took 0.003207 seconds .

========================================================================
Received Prepare
Registering precompiled user dll's ...
Registered in 0.000966 seconds.
Begin MonoManager ReloadAssembly
Native extension for WindowsStandalone target not found
Native extension for OSXStandalone target not found
Native extension for WebGL target not found
Refreshing native plugins compatible for Editor in 0.39 ms, found 1 plugins.
Preloading 0 native plugins for Editor in 0.00 ms.
Invoked RoslynAnalysisRunner static constructor.
RoslynAnalysisRunner will not be running.
RoslynAnalysisRunner has terminated.
Mono: successfully reloaded assembly
- Completed reload, in  0.675 seconds
Platform modules already initialized, skipping
Refreshing native plugins compatible for Editor in 0.32 ms, found 1 plugins.
Preloading 0 native plugins for Editor in 0.00 ms.
Unloading 2017 Unused Serialized files (Serialized files now loaded: 0)
System memory in use before: 92.6 MB.
System memory in use after: 92.6 MB.

Unloading 33 unused Assets to reduce memory usage. Loaded Objects now: 2448.
Total: 1.714500 ms (FindLiveObjects: 0.138000 ms CreateObjectMapping: 0.054000 ms MarkObjects: 1.448000 ms  DeleteObjects: 0.073900 ms)

========================================================================
Received Import Request.
  Time since last request: 1079.853023 seconds.
  path: Assets/Animations/Pacman.controller
  artifactKey: Guid(524e18f21a31cd54ab70dff2a9b41c3b) Importer(815301076,1909f56bfc062723c751e8b465ee728b)
Start importing Assets/Animations/Pacman.controller using Guid(524e18f21a31cd54ab70dff2a9b41c3b) Importer(815301076,1909f56bfc062723c751e8b465ee728b)  -> (artifact id: '9bf477e34603b5259fd7f03509de7d23') in 0.011589 seconds
  Import took 0.014447 seconds .

========================================================================
Received Prepare
Registering precompiled user dll's ...
Registered in 0.000953 seconds.
Begin MonoManager ReloadAssembly
Native extension for WindowsStandalone target not found
Native extension for OSXStandalone target not found
Native extension for WebGL target not found
Refreshing native plugins compatible for Editor in 0.40 ms, found 1 plugins.
Preloading 0 native plugins for Editor in 0.00 ms.
Invoked RoslynAnalysisRunner static constructor.
RoslynAnalysisRunner will not be running.
RoslynAnalysisRunner has terminated.
Mono: successfully reloaded assembly
- Completed reload, in  0.645 seconds
Platform modules already initialized, skipping
Refreshing native plugins compatible for Editor in 0.38 ms, found 1 plugins.
Preloading 0 native plugins for Editor in 0.00 ms.
Unloading 2017 Unused Serialized files (Serialized files now loaded: 0)
System memory in use before: 92.6 MB.
System memory in use after: 92.6 MB.

Unloading 33 unused Assets to reduce memory usage. Loaded Objects now: 2450.
Total: 1.724000 ms (FindLiveObjects: 0.147400 ms CreateObjectMapping: 0.059500 ms MarkObjects: 1.432600 ms  DeleteObjects: 0.083800 ms)

========================================================================
Received Prepare
Registering precompiled user dll's ...
Registered in 0.000985 seconds.
Begin MonoManager ReloadAssembly
Native extension for WindowsStandalone target not found
Native extension for OSXStandalone target not found
Native extension for WebGL target not found
Refreshing native plugins compatible for Editor in 0.41 ms, found 1 plugins.
Preloading 0 native plugins for Editor in 0.00 ms.
Invoked RoslynAnalysisRunner static constructor.
RoslynAnalysisRunner will not be running.
RoslynAnalysisRunner has terminated.
Mono: successfully reloaded assembly
- Completed reload, in  0.648 seconds
Platform modules already initialized, skipping
Refreshing native plugins compatible for Editor in 0.43 ms, found 1 plugins.
Preloading 0 native plugins for Editor in 0.00 ms.
Unloading 2017 Unused Serialized files (Serialized files now loaded: 0)
System memory in use before: 92.7 MB.
System memory in use after: 92.6 MB.

Unloading 33 unused Assets to reduce memory usage. Loaded Objects now: 2452.
Total: 1.536100 ms (FindLiveObjects: 0.146900 ms CreateObjectMapping: 0.063800 ms MarkObjects: 1.247400 ms  DeleteObjects: 0.077200 ms)

========================================================================
Received Import Request.
  Time since last request: 1237.522466 seconds.
  path: Assets/Prefabs
  artifactKey: Guid(9aec5f7d2bb355841bf53cf437d9a014) Importer(815301076,1909f56bfc062723c751e8b465ee728b)
Start importing Assets/Prefabs using Guid(9aec5f7d2bb355841bf53cf437d9a014) Importer(815301076,1909f56bfc062723c751e8b465ee728b)  -> (artifact id: '282e411f2e9127be8298996d441810a9') in 0.004573 seconds
  Import took 0.007526 seconds .

========================================================================
Received Import Request.
  Time since last request: 2.686958 seconds.
  path: Assets/Animations/Pacman.controller
  artifactKey: Guid(524e18f21a31cd54ab70dff2a9b41c3b) Importer(815301076,1909f56bfc062723c751e8b465ee728b)
Start importing Assets/Animations/Pacman.controller using Guid(524e18f21a31cd54ab70dff2a9b41c3b) Importer(815301076,1909f56bfc062723c751e8b465ee728b)  -> (artifact id: '05f8f859de35e94f476f71043e3ed5b4') in 0.007426 seconds
  Import took 0.009816 seconds .

========================================================================
Received Prepare
Registering precompiled user dll's ...
Registered in 0.000935 seconds.
Begin MonoManager ReloadAssembly
Native extension for WindowsStandalone target not found
Native extension for OSXStandalone target not found
Native extension for WebGL target not found
Refreshing native plugins compatible for Editor in 0.39 ms, found 1 plugins.
Preloading 0 native plugins for Editor in 0.00 ms.
Invoked RoslynAnalysisRunner static constructor.
RoslynAnalysisRunner will not be running.
RoslynAnalysisRunner has terminated.
Mono: successfully reloaded assembly
- Completed reload, in  0.662 seconds
Platform modules already initialized, skipping
Refreshing native plugins compatible for Editor in 0.39 ms, found 1 plugins.
Preloading 0 native plugins for Editor in 0.00 ms.
Unloading 2017 Unused Serialized files (Serialized files now loaded: 0)
System memory in use before: 92.7 MB.
System memory in use after: 92.7 MB.

Unloading 33 unused Assets to reduce memory usage. Loaded Objects now: 2454.
Total: 1.635500 ms (FindLiveObjects: 0.154200 ms CreateObjectMapping: 0.060900 ms MarkObjects: 1.326300 ms  DeleteObjects: 0.093100 ms)

========================================================================
Received Import Request.
  Time since last request: 330.994586 seconds.
  path: Assets/Scripts
  artifactKey: Guid(2cb4d4ae9ad51d14b8022cbadba12f8b) Importer(815301076,1909f56bfc062723c751e8b465ee728b)
Start importing Assets/Scripts using Guid(2cb4d4ae9ad51d14b8022cbadba12f8b) Importer(815301076,1909f56bfc062723c751e8b465ee728b)  -> (artifact id: '6ab4b78ff05f030adfd5f15e84961638') in 0.003445 seconds
  Import took 0.006016 seconds .

========================================================================
Received Import Request.
  Time since last request: 0.000443 seconds.
  path: Assets/Scripts
  artifactKey: Guid(2cb4d4ae9ad51d14b8022cbadba12f8b) Importer(815301076,1909f56bfc062723c751e8b465ee728b)
Start importing Assets/Scripts using Guid(2cb4d4ae9ad51d14b8022cbadba12f8b) Importer(815301076,1909f56bfc062723c751e8b465ee728b)  -> (artifact id: '6ab4b78ff05f030adfd5f15e84961638') in 0.001165 seconds
  Import took 0.003115 seconds .

========================================================================
Received Import Request.
  Time since last request: 13.223149 seconds.
  path: Assets/Scripts/PacmanMove.cs
  artifactKey: Guid(963c9797057bf9948a5d978aa783d2ca) Importer(815301076,1909f56bfc062723c751e8b465ee728b)
Start importing Assets/Scripts/PacmanMove.cs using Guid(963c9797057bf9948a5d978aa783d2ca) Importer(815301076,1909f56bfc062723c751e8b465ee728b)  -> (artifact id: 'e690d52cd6ab998d57b9dac306e5262b') in 0.016230 seconds
  Import took 0.018626 seconds .

========================================================================
Received Import Request.
  Time since last request: 0.000844 seconds.
  path: Assets/Scripts/PacmanMove.cs
  artifactKey: Guid(963c9797057bf9948a5d978aa783d2ca) Importer(815301076,1909f56bfc062723c751e8b465ee728b)
Start importing Assets/Scripts/PacmanMove.cs using Guid(963c9797057bf9948a5d978aa783d2ca) Importer(815301076,1909f56bfc062723c751e8b465ee728b)  -> (artifact id: 'e690d52cd6ab998d57b9dac306e5262b') in 0.001023 seconds
  Import took 0.003180 seconds .

========================================================================
Received Prepare
Registering precompiled user dll's ...
Registered in 0.000935 seconds.
Begin MonoManager ReloadAssembly
Native extension for WindowsStandalone target not found
Native extension for OSXStandalone target not found
Native extension for WebGL target not found
Refreshing native plugins compatible for Editor in 0.40 ms, found 1 plugins.
Preloading 0 native plugins for Editor in 0.00 ms.
Invoked RoslynAnalysisRunner static constructor.
RoslynAnalysisRunner will not be running.
RoslynAnalysisRunner has terminated.
Mono: successfully reloaded assembly
- Completed reload, in  0.640 seconds
Platform modules already initialized, skipping
Refreshing native plugins compatible for Editor in 0.39 ms, found 1 plugins.
Preloading 0 native plugins for Editor in 0.00 ms.
Unloading 2018 Unused Serialized files (Serialized files now loaded: 0)
System memory in use before: 92.7 MB.
System memory in use after: 92.7 MB.

Unloading 33 unused Assets to reduce memory usage. Loaded Objects now: 2457.
Total: 1.660700 ms (FindLiveObjects: 0.152000 ms CreateObjectMapping: 0.065200 ms MarkObjects: 1.355900 ms  DeleteObjects: 0.086700 ms)

========================================================================
Received Prepare
Registering precompiled user dll's ...
Registered in 0.000981 seconds.
Begin MonoManager ReloadAssembly
Native extension for WindowsStandalone target not found
Native extension for OSXStandalone target not found
Native extension for WebGL target not found
Refreshing native plugins compatible for Editor in 0.40 ms, found 1 plugins.
Preloading 0 native plugins for Editor in 0.00 ms.
Invoked RoslynAnalysisRunner static constructor.
RoslynAnalysisRunner will not be running.
RoslynAnalysisRunner has terminated.
Mono: successfully reloaded assembly
- Completed reload, in  0.643 seconds
Platform modules already initialized, skipping
Refreshing native plugins compatible for Editor in 0.34 ms, found 1 plugins.
Preloading 0 native plugins for Editor in 0.00 ms.
Unloading 2018 Unused Serialized files (Serialized files now loaded: 0)
System memory in use before: 92.7 MB.
System memory in use after: 92.7 MB.

Unloading 33 unused Assets to reduce memory usage. Loaded Objects now: 2459.
Total: 1.682100 ms (FindLiveObjects: 0.128600 ms CreateObjectMapping: 0.053900 ms MarkObjects: 1.420800 ms  DeleteObjects: 0.078100 ms)

========================================================================
Received Import Request.
  Time since last request: 533.187803 seconds.
  path: Assets/Scripts/PacmanMove.cs
  artifactKey: Guid(963c9797057bf9948a5d978aa783d2ca) Importer(815301076,1909f56bfc062723c751e8b465ee728b)
Start importing Assets/Scripts/PacmanMove.cs using Guid(963c9797057bf9948a5d978aa783d2ca) Importer(815301076,1909f56bfc062723c751e8b465ee728b)  -> (artifact id: 'bdd822dc4a1ed1be0477c980d59715b2') in 0.002936 seconds
  Import took 0.005024 seconds .

AssetImportWorkerClient::OnTransportError - code=2 error=End of file
