Using pre-set license
Built from '2020.2/release' branch; Version is '2020.2.4f1 (becced5a802b) revision 12504301'; Using compiler version '192528614'; Build Type 'Release'
OS: 'Windows 10 Pro; OS build 19042.1237; Version 2009; 64bit' Language: 'zh' Physical Memory: 32686 MB
BatchMode: 1, IsHumanControllingUs: 0, StartBugReporterOnCrash: 0, Is64bit: 1, IsPro: 0

 COMMAND LINE ARGUMENTS:
C:\Program Files\Unity\Hub\Editor\2020.2.4f1\Editor\Unity.exe
-adb2
-batchMode
-noUpm
-name
AssetImportWorker1
-projectPath
D:/UnityGame/PacMan
-logFile
Logs/AssetImportWorker1.log
-srvPort
49195
Successfully changed project path to: D:/UnityGame/PacMan
D:/UnityGame/PacMan
Using Asset Import Pipeline V2.
Refreshing native plugins compatible for Editor in 32.73 ms, found 1 plugins.
Preloading 0 native plugins for Editor in 0.00 ms.
Initialize engine version: 2020.2.4f1 (becced5a802b)
[Subsystems] Discovering subsystems at path C:/Program Files/Unity/Hub/Editor/2020.2.4f1/Editor/Data/Resources/UnitySubsystems
[Subsystems] Discovering subsystems at path D:/UnityGame/PacMan/Assets
GfxDevice: creating device client; threaded=0
Direct3D:
    Version:  Direct3D 11.0 [level 11.1]
    Renderer: NVIDIA GeForce RTX 2080 Ti (ID=0x1e07)
    Vendor:   
    VRAM:     11049 MB
    Driver:   27.21.14.5671
Initialize mono
Mono path[0] = 'C:/Program Files/Unity/Hub/Editor/2020.2.4f1/Editor/Data/Managed'
Mono path[1] = 'C:/Program Files/Unity/Hub/Editor/2020.2.4f1/Editor/Data/MonoBleedingEdge/lib/mono/unityjit'
Mono config path = 'C:/Program Files/Unity/Hub/Editor/2020.2.4f1/Editor/Data/MonoBleedingEdge/etc'
Using monoOptions --debugger-agent=transport=dt_socket,embedding=1,server=y,suspend=n,address=127.0.0.1:56096
Begin MonoManager ReloadAssembly
Registering precompiled unity dll's ...
Register platform support module: C:/Program Files/Unity/Hub/Editor/2020.2.4f1/Editor/Data/PlaybackEngines/WebGLSupport/UnityEditor.WebGL.Extensions.dll
Register platform support module: C:/Program Files/Unity/Hub/Editor/2020.2.4f1/Editor/Data/PlaybackEngines/MacStandaloneSupport/UnityEditor.OSXStandalone.Extensions.dll
Register platform support module: C:/Program Files/Unity/Hub/Editor/2020.2.4f1/Editor/Data/PlaybackEngines/WindowsStandaloneSupport/UnityEditor.WindowsStandalone.Extensions.dll
Registered in 0.002192 seconds.
Native extension for WindowsStandalone target not found
Native extension for OSXStandalone target not found
Native extension for WebGL target not found
Refreshing native plugins compatible for Editor in 31.37 ms, found 1 plugins.
Preloading 0 native plugins for Editor in 0.00 ms.
Invoked RoslynAnalysisRunner static constructor.
RoslynAnalysisRunner will not be running.
RoslynAnalysisRunner has terminated.
Mono: successfully reloaded assembly
- Completed reload, in  0.953 seconds
Platform modules already initialized, skipping
Registering precompiled user dll's ...
Registered in 0.000969 seconds.
Begin MonoManager ReloadAssembly
Native extension for WindowsStandalone target not found
Native extension for OSXStandalone target not found
Native extension for WebGL target not found
Refreshing native plugins compatible for Editor in 31.26 ms, found 1 plugins.
Preloading 0 native plugins for Editor in 0.00 ms.
Invoked RoslynAnalysisRunner static constructor.
RoslynAnalysisRunner will not be running.
RoslynAnalysisRunner has terminated.
Mono: successfully reloaded assembly
- Completed reload, in  0.694 seconds
Platform modules already initialized, skipping
========================================================================
Worker process is ready to serve import requests
Launched and connected shader compiler UnityShaderCompiler.exe after 0.04 seconds
Refreshing native plugins compatible for Editor in 0.39 ms, found 1 plugins.
Preloading 0 native plugins for Editor in 0.00 ms.
Unloading 2026 Unused Serialized files (Serialized files now loaded: 0)
System memory in use before: 92.9 MB.
System memory in use after: 92.8 MB.

Unloading 44 unused Assets to reduce memory usage. Loaded Objects now: 2452.
Total: 1.683600 ms (FindLiveObjects: 0.137800 ms CreateObjectMapping: 0.058500 ms MarkObjects: 1.392100 ms  DeleteObjects: 0.094300 ms)

========================================================================
Received Import Request.
  path: Assets/Sprites/Start.png
  artifactKey: Guid(5805463cd57e30f49992ce35b3d997ca) Importer(815301076,1909f56bfc062723c751e8b465ee728b)
Start importing Assets/Sprites/Start.png using Guid(5805463cd57e30f49992ce35b3d997ca) Importer(815301076,1909f56bfc062723c751e8b465ee728b)  -> (artifact id: 'fc62dfcc9ef0a21a23c0f4fce6d08162') in 0.044728 seconds
  Import took 0.046951 seconds .

========================================================================
Received Import Request.
  Time since last request: 17.274869 seconds.
  path: Assets/Sprites/Start.png
  artifactKey: Guid(5805463cd57e30f49992ce35b3d997ca) Importer(815301076,1909f56bfc062723c751e8b465ee728b)
Start importing Assets/Sprites/Start.png using Guid(5805463cd57e30f49992ce35b3d997ca) Importer(815301076,1909f56bfc062723c751e8b465ee728b)  -> (artifact id: '4f934f360a53e831d648a173dafcbf2a') in 0.040780 seconds
  Import took 0.043109 seconds .

========================================================================
Received Import Request.
  Time since last request: 65.513480 seconds.
  path: Assets/Sprites/Start.png
  artifactKey: Guid(5805463cd57e30f49992ce35b3d997ca) Importer(815301076,1909f56bfc062723c751e8b465ee728b)
Start importing Assets/Sprites/Start.png using Guid(5805463cd57e30f49992ce35b3d997ca) Importer(815301076,1909f56bfc062723c751e8b465ee728b)  -> (artifact id: 'b9b7f50d86f706fb582e9aac9cc20b2f') in 0.017864 seconds
  Import took 0.020452 seconds .

========================================================================
Received Import Request.
  Time since last request: 10.654693 seconds.
  path: Assets/Sprites/Start.png
  artifactKey: Guid(5805463cd57e30f49992ce35b3d997ca) Importer(815301076,1909f56bfc062723c751e8b465ee728b)
Start importing Assets/Sprites/Start.png using Guid(5805463cd57e30f49992ce35b3d997ca) Importer(815301076,1909f56bfc062723c751e8b465ee728b)  -> (artifact id: '95bf9b053280e72dc98dad2a4470cefd') in 0.013553 seconds
  Import took 0.015998 seconds .

========================================================================
Received Import Request.
  Time since last request: 6.234595 seconds.
  path: Assets/Sprites/Start.png
  artifactKey: Guid(5805463cd57e30f49992ce35b3d997ca) Importer(815301076,1909f56bfc062723c751e8b465ee728b)
Start importing Assets/Sprites/Start.png using Guid(5805463cd57e30f49992ce35b3d997ca) Importer(815301076,1909f56bfc062723c751e8b465ee728b)  -> (artifact id: '06d4ad21ee572ce45e2e26e8c8dc583c') in 0.016197 seconds
  Import took 0.018698 seconds .

========================================================================
Received Prepare
Registering precompiled user dll's ...
Registered in 0.001058 seconds.
Begin MonoManager ReloadAssembly
Native extension for WindowsStandalone target not found
Native extension for OSXStandalone target not found
Native extension for WebGL target not found
Refreshing native plugins compatible for Editor in 0.40 ms, found 1 plugins.
Preloading 0 native plugins for Editor in 0.00 ms.
Invoked RoslynAnalysisRunner static constructor.
RoslynAnalysisRunner will not be running.
RoslynAnalysisRunner has terminated.
Mono: successfully reloaded assembly
- Completed reload, in  0.664 seconds
Platform modules already initialized, skipping
Refreshing native plugins compatible for Editor in 0.32 ms, found 1 plugins.
Preloading 0 native plugins for Editor in 0.00 ms.
Unloading 2021 Unused Serialized files (Serialized files now loaded: 0)
System memory in use before: 95.8 MB.
System memory in use after: 95.8 MB.

Unloading 33 unused Assets to reduce memory usage. Loaded Objects now: 2461.
Total: 1.648600 ms (FindLiveObjects: 0.133200 ms CreateObjectMapping: 0.057500 ms MarkObjects: 1.383300 ms  DeleteObjects: 0.073700 ms)

========================================================================
Received Import Request.
  Time since last request: 146.543864 seconds.
  path: Assets/Sprites/Start.png
  artifactKey: Guid(5805463cd57e30f49992ce35b3d997ca) Importer(815301076,1909f56bfc062723c751e8b465ee728b)
Start importing Assets/Sprites/Start.png using Guid(5805463cd57e30f49992ce35b3d997ca) Importer(815301076,1909f56bfc062723c751e8b465ee728b)  -> (artifact id: '2d41d40f28a6cefd4d9dbd273be01ead') in 0.061538 seconds
  Import took 0.064073 seconds .

========================================================================
Received Prepare
Registering precompiled user dll's ...
Registered in 0.001064 seconds.
Begin MonoManager ReloadAssembly
Native extension for WindowsStandalone target not found
Native extension for OSXStandalone target not found
Native extension for WebGL target not found
Refreshing native plugins compatible for Editor in 0.41 ms, found 1 plugins.
Preloading 0 native plugins for Editor in 0.00 ms.
Invoked RoslynAnalysisRunner static constructor.
RoslynAnalysisRunner will not be running.
RoslynAnalysisRunner has terminated.
Mono: successfully reloaded assembly
- Completed reload, in  0.646 seconds
Platform modules already initialized, skipping
Refreshing native plugins compatible for Editor in 0.36 ms, found 1 plugins.
Preloading 0 native plugins for Editor in 0.00 ms.
Unloading 2021 Unused Serialized files (Serialized files now loaded: 0)
System memory in use before: 95.8 MB.
System memory in use after: 95.8 MB.

Unloading 33 unused Assets to reduce memory usage. Loaded Objects now: 2464.
Total: 1.702600 ms (FindLiveObjects: 0.151100 ms CreateObjectMapping: 0.061800 ms MarkObjects: 1.407200 ms  DeleteObjects: 0.081600 ms)

========================================================================
Received Prepare
Registering precompiled user dll's ...
Registered in 0.001008 seconds.
Begin MonoManager ReloadAssembly
Native extension for WindowsStandalone target not found
Native extension for OSXStandalone target not found
Native extension for WebGL target not found
Refreshing native plugins compatible for Editor in 0.40 ms, found 1 plugins.
Preloading 0 native plugins for Editor in 0.00 ms.
Invoked RoslynAnalysisRunner static constructor.
RoslynAnalysisRunner will not be running.
RoslynAnalysisRunner has terminated.
Mono: successfully reloaded assembly
- Completed reload, in  0.642 seconds
Platform modules already initialized, skipping
Refreshing native plugins compatible for Editor in 0.39 ms, found 1 plugins.
Preloading 0 native plugins for Editor in 0.00 ms.
Unloading 2021 Unused Serialized files (Serialized files now loaded: 0)
System memory in use before: 95.9 MB.
System memory in use after: 95.9 MB.

Unloading 33 unused Assets to reduce memory usage. Loaded Objects now: 2466.
Total: 1.726300 ms (FindLiveObjects: 0.159900 ms CreateObjectMapping: 0.076100 ms MarkObjects: 1.408600 ms  DeleteObjects: 0.080500 ms)

========================================================================
Received Import Request.
  Time since last request: 1000.885129 seconds.
  path: Assets/Prefabs/Win.prefab
  artifactKey: Guid(18a2d2144d951ee4ea119d31efd9ba4d) Importer(815301076,1909f56bfc062723c751e8b465ee728b)
Start importing Assets/Prefabs/Win.prefab using Guid(18a2d2144d951ee4ea119d31efd9ba4d) Importer(815301076,1909f56bfc062723c751e8b465ee728b)  -> (artifact id: 'e4b562a5cb2840bcfdb35c5c3b58b179') in 0.047972 seconds
  Import took 0.050427 seconds .

========================================================================
Received Import Request.
  Time since last request: 1.213402 seconds.
  path: Assets/Prefabs/GameOver.prefab
  artifactKey: Guid(0716ef3bcf63d9d4d879fed1b4f9bf47) Importer(815301076,1909f56bfc062723c751e8b465ee728b)
Start importing Assets/Prefabs/GameOver.prefab using Guid(0716ef3bcf63d9d4d879fed1b4f9bf47) Importer(815301076,1909f56bfc062723c751e8b465ee728b)  -> (artifact id: '33fffc258b6db8786884c99a5c236582') in 0.005605 seconds
  Import took 0.008016 seconds .

========================================================================
Received Prepare
Registering precompiled user dll's ...
Registered in 0.000968 seconds.
Begin MonoManager ReloadAssembly
Native extension for WindowsStandalone target not found
Native extension for OSXStandalone target not found
Native extension for WebGL target not found
Refreshing native plugins compatible for Editor in 0.61 ms, found 1 plugins.
Preloading 0 native plugins for Editor in 0.00 ms.
Invoked RoslynAnalysisRunner static constructor.
RoslynAnalysisRunner will not be running.
RoslynAnalysisRunner has terminated.
Mono: successfully reloaded assembly
- Completed reload, in  0.636 seconds
Platform modules already initialized, skipping
Refreshing native plugins compatible for Editor in 0.32 ms, found 1 plugins.
Preloading 0 native plugins for Editor in 0.00 ms.
Unloading 2021 Unused Serialized files (Serialized files now loaded: 0)
System memory in use before: 95.9 MB.
System memory in use after: 95.9 MB.

Unloading 33 unused Assets to reduce memory usage. Loaded Objects now: 2472.
Total: 1.679800 ms (FindLiveObjects: 0.141900 ms CreateObjectMapping: 0.056100 ms MarkObjects: 1.406300 ms  DeleteObjects: 0.074900 ms)

========================================================================
Received Prepare
Registering precompiled user dll's ...
Registered in 0.000982 seconds.
Begin MonoManager ReloadAssembly
Native extension for WindowsStandalone target not found
Native extension for OSXStandalone target not found
Native extension for WebGL target not found
Refreshing native plugins compatible for Editor in 0.40 ms, found 1 plugins.
Preloading 0 native plugins for Editor in 0.00 ms.
Invoked RoslynAnalysisRunner static constructor.
RoslynAnalysisRunner will not be running.
RoslynAnalysisRunner has terminated.
Mono: successfully reloaded assembly
- Completed reload, in  0.662 seconds
Platform modules already initialized, skipping
Refreshing native plugins compatible for Editor in 0.32 ms, found 1 plugins.
Preloading 0 native plugins for Editor in 0.00 ms.
Unloading 2021 Unused Serialized files (Serialized files now loaded: 0)
System memory in use before: 95.9 MB.
System memory in use after: 95.9 MB.

Unloading 33 unused Assets to reduce memory usage. Loaded Objects now: 2474.
Total: 1.878000 ms (FindLiveObjects: 0.234400 ms CreateObjectMapping: 0.088500 ms MarkObjects: 1.471900 ms  DeleteObjects: 0.082200 ms)

========================================================================
Received Prepare
Registering precompiled user dll's ...
Registered in 0.001048 seconds.
Begin MonoManager ReloadAssembly
Native extension for WindowsStandalone target not found
Native extension for OSXStandalone target not found
Native extension for WebGL target not found
Refreshing native plugins compatible for Editor in 0.43 ms, found 1 plugins.
Preloading 0 native plugins for Editor in 0.00 ms.
Invoked RoslynAnalysisRunner static constructor.
RoslynAnalysisRunner will not be running.
RoslynAnalysisRunner has terminated.
Mono: successfully reloaded assembly
- Completed reload, in  0.655 seconds
Platform modules already initialized, skipping
Refreshing native plugins compatible for Editor in 0.34 ms, found 1 plugins.
Preloading 0 native plugins for Editor in 0.00 ms.
Unloading 2021 Unused Serialized files (Serialized files now loaded: 0)
System memory in use before: 96.0 MB.
System memory in use after: 95.9 MB.

Unloading 33 unused Assets to reduce memory usage. Loaded Objects now: 2476.
Total: 1.766100 ms (FindLiveObjects: 0.147800 ms CreateObjectMapping: 0.061900 ms MarkObjects: 1.468400 ms  DeleteObjects: 0.087200 ms)

========================================================================
Received Prepare
Registering precompiled user dll's ...
Registered in 0.000950 seconds.
Begin MonoManager ReloadAssembly
Native extension for WindowsStandalone target not found
Native extension for OSXStandalone target not found
Native extension for WebGL target not found
Refreshing native plugins compatible for Editor in 0.40 ms, found 1 plugins.
Preloading 0 native plugins for Editor in 0.00 ms.
Invoked RoslynAnalysisRunner static constructor.
RoslynAnalysisRunner will not be running.
RoslynAnalysisRunner has terminated.
Mono: successfully reloaded assembly
- Completed reload, in  0.639 seconds
Platform modules already initialized, skipping
Refreshing native plugins compatible for Editor in 0.39 ms, found 1 plugins.
Preloading 0 native plugins for Editor in 0.00 ms.
Unloading 2021 Unused Serialized files (Serialized files now loaded: 0)
System memory in use before: 96.0 MB.
System memory in use after: 96.0 MB.

Unloading 33 unused Assets to reduce memory usage. Loaded Objects now: 2478.
Total: 1.616000 ms (FindLiveObjects: 0.204500 ms CreateObjectMapping: 0.060300 ms MarkObjects: 1.237400 ms  DeleteObjects: 0.113100 ms)

========================================================================
Received Prepare
Registering precompiled user dll's ...
Registered in 0.001006 seconds.
Begin MonoManager ReloadAssembly
Native extension for WindowsStandalone target not found
Native extension for OSXStandalone target not found
Native extension for WebGL target not found
Refreshing native plugins compatible for Editor in 0.40 ms, found 1 plugins.
Preloading 0 native plugins for Editor in 0.00 ms.
Invoked RoslynAnalysisRunner static constructor.
RoslynAnalysisRunner will not be running.
RoslynAnalysisRunner has terminated.
Mono: successfully reloaded assembly
- Completed reload, in  0.665 seconds
Platform modules already initialized, skipping
Refreshing native plugins compatible for Editor in 0.35 ms, found 1 plugins.
Preloading 0 native plugins for Editor in 0.00 ms.
Unloading 2021 Unused Serialized files (Serialized files now loaded: 0)
System memory in use before: 96.0 MB.
System memory in use after: 96.0 MB.

Unloading 33 unused Assets to reduce memory usage. Loaded Objects now: 2480.
Total: 1.597600 ms (FindLiveObjects: 0.202200 ms CreateObjectMapping: 0.059600 ms MarkObjects: 1.259000 ms  DeleteObjects: 0.075700 ms)

========================================================================
Received Prepare
Registering precompiled user dll's ...
Registered in 0.000988 seconds.
Begin MonoManager ReloadAssembly
Native extension for WindowsStandalone target not found
Native extension for OSXStandalone target not found
Native extension for WebGL target not found
Refreshing native plugins compatible for Editor in 0.42 ms, found 1 plugins.
Preloading 0 native plugins for Editor in 0.00 ms.
Invoked RoslynAnalysisRunner static constructor.
RoslynAnalysisRunner will not be running.
RoslynAnalysisRunner has terminated.
Mono: successfully reloaded assembly
- Completed reload, in  0.628 seconds
Platform modules already initialized, skipping
Refreshing native plugins compatible for Editor in 0.31 ms, found 1 plugins.
Preloading 0 native plugins for Editor in 0.00 ms.
Unloading 2021 Unused Serialized files (Serialized files now loaded: 0)
System memory in use before: 96.0 MB.
System memory in use after: 96.0 MB.

Unloading 33 unused Assets to reduce memory usage. Loaded Objects now: 2482.
Total: 1.484500 ms (FindLiveObjects: 0.134200 ms CreateObjectMapping: 0.057000 ms MarkObjects: 1.220300 ms  DeleteObjects: 0.072200 ms)

========================================================================
Received Prepare
Registering precompiled user dll's ...
Registered in 0.000971 seconds.
Begin MonoManager ReloadAssembly
Native extension for WindowsStandalone target not found
Native extension for OSXStandalone target not found
Native extension for WebGL target not found
Refreshing native plugins compatible for Editor in 0.42 ms, found 1 plugins.
Preloading 0 native plugins for Editor in 0.00 ms.
Invoked RoslynAnalysisRunner static constructor.
RoslynAnalysisRunner will not be running.
RoslynAnalysisRunner has terminated.
Mono: successfully reloaded assembly
- Completed reload, in  0.636 seconds
Platform modules already initialized, skipping
Refreshing native plugins compatible for Editor in 0.39 ms, found 1 plugins.
Preloading 0 native plugins for Editor in 0.00 ms.
Unloading 2021 Unused Serialized files (Serialized files now loaded: 0)
System memory in use before: 96.0 MB.
System memory in use after: 96.0 MB.

Unloading 33 unused Assets to reduce memory usage. Loaded Objects now: 2484.
Total: 1.696900 ms (FindLiveObjects: 0.141300 ms CreateObjectMapping: 0.054100 ms MarkObjects: 1.419800 ms  DeleteObjects: 0.081000 ms)

========================================================================
Received Prepare
Registering precompiled user dll's ...
Registered in 0.000910 seconds.
Begin MonoManager ReloadAssembly
Native extension for WindowsStandalone target not found
Native extension for OSXStandalone target not found
Native extension for WebGL target not found
Refreshing native plugins compatible for Editor in 0.41 ms, found 1 plugins.
Preloading 0 native plugins for Editor in 0.00 ms.
Invoked RoslynAnalysisRunner static constructor.
RoslynAnalysisRunner will not be running.
RoslynAnalysisRunner has terminated.
Mono: successfully reloaded assembly
- Completed reload, in  0.634 seconds
Platform modules already initialized, skipping
Refreshing native plugins compatible for Editor in 0.36 ms, found 1 plugins.
Preloading 0 native plugins for Editor in 0.00 ms.
Unloading 2021 Unused Serialized files (Serialized files now loaded: 0)
System memory in use before: 96.0 MB.
System memory in use after: 96.0 MB.

Unloading 33 unused Assets to reduce memory usage. Loaded Objects now: 2486.
Total: 1.722100 ms (FindLiveObjects: 0.164200 ms CreateObjectMapping: 0.061100 ms MarkObjects: 1.419800 ms  DeleteObjects: 0.076400 ms)

========================================================================
Received Prepare
Registering precompiled user dll's ...
Registered in 0.000956 seconds.
Begin MonoManager ReloadAssembly
Native extension for WindowsStandalone target not found
Native extension for OSXStandalone target not found
Native extension for WebGL target not found
Refreshing native plugins compatible for Editor in 0.41 ms, found 1 plugins.
Preloading 0 native plugins for Editor in 0.00 ms.
Invoked RoslynAnalysisRunner static constructor.
RoslynAnalysisRunner will not be running.
RoslynAnalysisRunner has terminated.
Mono: successfully reloaded assembly
- Completed reload, in  0.644 seconds
Platform modules already initialized, skipping
Refreshing native plugins compatible for Editor in 0.38 ms, found 1 plugins.
Preloading 0 native plugins for Editor in 0.00 ms.
Unloading 2021 Unused Serialized files (Serialized files now loaded: 0)
System memory in use before: 96.0 MB.
System memory in use after: 96.0 MB.

Unloading 33 unused Assets to reduce memory usage. Loaded Objects now: 2488.
Total: 1.561100 ms (FindLiveObjects: 0.157800 ms CreateObjectMapping: 0.060300 ms MarkObjects: 1.263300 ms  DeleteObjects: 0.078900 ms)

========================================================================
Received Prepare
Registering precompiled user dll's ...
Registered in 0.000958 seconds.
Begin MonoManager ReloadAssembly
Native extension for WindowsStandalone target not found
Native extension for OSXStandalone target not found
Native extension for WebGL target not found
Refreshing native plugins compatible for Editor in 0.40 ms, found 1 plugins.
Preloading 0 native plugins for Editor in 0.00 ms.
Invoked RoslynAnalysisRunner static constructor.
RoslynAnalysisRunner will not be running.
RoslynAnalysisRunner has terminated.
Mono: successfully reloaded assembly
- Completed reload, in  0.629 seconds
Platform modules already initialized, skipping
Refreshing native plugins compatible for Editor in 0.37 ms, found 1 plugins.
Preloading 0 native plugins for Editor in 0.00 ms.
Unloading 2021 Unused Serialized files (Serialized files now loaded: 0)
System memory in use before: 96.0 MB.
System memory in use after: 96.0 MB.

Unloading 33 unused Assets to reduce memory usage. Loaded Objects now: 2490.
Total: 1.756900 ms (FindLiveObjects: 0.168800 ms CreateObjectMapping: 0.071100 ms MarkObjects: 1.433100 ms  DeleteObjects: 0.082800 ms)

========================================================================
Received Prepare
Registering precompiled user dll's ...
Registered in 0.001148 seconds.
Begin MonoManager ReloadAssembly
Native extension for WindowsStandalone target not found
Native extension for OSXStandalone target not found
Native extension for WebGL target not found
Refreshing native plugins compatible for Editor in 0.41 ms, found 1 plugins.
Preloading 0 native plugins for Editor in 0.00 ms.
Invoked RoslynAnalysisRunner static constructor.
RoslynAnalysisRunner will not be running.
RoslynAnalysisRunner has terminated.
Mono: successfully reloaded assembly
- Completed reload, in  0.667 seconds
Platform modules already initialized, skipping
Refreshing native plugins compatible for Editor in 0.41 ms, found 1 plugins.
Preloading 0 native plugins for Editor in 0.00 ms.
Unloading 2021 Unused Serialized files (Serialized files now loaded: 0)
System memory in use before: 96.0 MB.
System memory in use after: 96.0 MB.

Unloading 33 unused Assets to reduce memory usage. Loaded Objects now: 2492.
Total: 1.670700 ms (FindLiveObjects: 0.174600 ms CreateObjectMapping: 0.072300 ms MarkObjects: 1.337800 ms  DeleteObjects: 0.085100 ms)

========================================================================
Received Prepare
Registering precompiled user dll's ...
Registered in 0.001022 seconds.
Begin MonoManager ReloadAssembly
Native extension for WindowsStandalone target not found
Native extension for OSXStandalone target not found
Native extension for WebGL target not found
Refreshing native plugins compatible for Editor in 0.40 ms, found 1 plugins.
Preloading 0 native plugins for Editor in 0.00 ms.
Invoked RoslynAnalysisRunner static constructor.
RoslynAnalysisRunner will not be running.
RoslynAnalysisRunner has terminated.
Mono: successfully reloaded assembly
- Completed reload, in  0.646 seconds
Platform modules already initialized, skipping
Refreshing native plugins compatible for Editor in 0.38 ms, found 1 plugins.
Preloading 0 native plugins for Editor in 0.00 ms.
Unloading 2021 Unused Serialized files (Serialized files now loaded: 0)
System memory in use before: 96.0 MB.
System memory in use after: 96.0 MB.

Unloading 33 unused Assets to reduce memory usage. Loaded Objects now: 2494.
Total: 1.768100 ms (FindLiveObjects: 0.147400 ms CreateObjectMapping: 0.064700 ms MarkObjects: 1.470700 ms  DeleteObjects: 0.084400 ms)

========================================================================
Received Prepare
Registering precompiled user dll's ...
Registered in 0.000970 seconds.
Begin MonoManager ReloadAssembly
Native extension for WindowsStandalone target not found
Native extension for OSXStandalone target not found
Native extension for WebGL target not found
Refreshing native plugins compatible for Editor in 0.40 ms, found 1 plugins.
Preloading 0 native plugins for Editor in 0.00 ms.
Invoked RoslynAnalysisRunner static constructor.
RoslynAnalysisRunner will not be running.
RoslynAnalysisRunner has terminated.
Mono: successfully reloaded assembly
- Completed reload, in  0.643 seconds
Platform modules already initialized, skipping
Refreshing native plugins compatible for Editor in 0.33 ms, found 1 plugins.
Preloading 0 native plugins for Editor in 0.00 ms.
Unloading 2021 Unused Serialized files (Serialized files now loaded: 0)
System memory in use before: 96.0 MB.
System memory in use after: 96.0 MB.

Unloading 33 unused Assets to reduce memory usage. Loaded Objects now: 2496.
Total: 1.585900 ms (FindLiveObjects: 0.154800 ms CreateObjectMapping: 0.060300 ms MarkObjects: 1.287100 ms  DeleteObjects: 0.082700 ms)

========================================================================
Received Prepare
Registering precompiled user dll's ...
Registered in 0.001025 seconds.
Begin MonoManager ReloadAssembly
Native extension for WindowsStandalone target not found
Native extension for OSXStandalone target not found
Native extension for WebGL target not found
Refreshing native plugins compatible for Editor in 0.41 ms, found 1 plugins.
Preloading 0 native plugins for Editor in 0.00 ms.
Invoked RoslynAnalysisRunner static constructor.
RoslynAnalysisRunner will not be running.
RoslynAnalysisRunner has terminated.
Mono: successfully reloaded assembly
- Completed reload, in  0.648 seconds
Platform modules already initialized, skipping
Refreshing native plugins compatible for Editor in 0.34 ms, found 1 plugins.
Preloading 0 native plugins for Editor in 0.00 ms.
Unloading 2021 Unused Serialized files (Serialized files now loaded: 0)
System memory in use before: 96.0 MB.
System memory in use after: 96.0 MB.

Unloading 33 unused Assets to reduce memory usage. Loaded Objects now: 2498.
Total: 1.608700 ms (FindLiveObjects: 0.164400 ms CreateObjectMapping: 0.053300 ms MarkObjects: 1.308600 ms  DeleteObjects: 0.081600 ms)

========================================================================
Received Prepare
Registering precompiled user dll's ...
Registered in 0.000950 seconds.
Begin MonoManager ReloadAssembly
Native extension for WindowsStandalone target not found
Native extension for OSXStandalone target not found
Native extension for WebGL target not found
Refreshing native plugins compatible for Editor in 0.41 ms, found 1 plugins.
Preloading 0 native plugins for Editor in 0.00 ms.
Invoked RoslynAnalysisRunner static constructor.
RoslynAnalysisRunner will not be running.
RoslynAnalysisRunner has terminated.
Mono: successfully reloaded assembly
- Completed reload, in  0.658 seconds
Platform modules already initialized, skipping
Refreshing native plugins compatible for Editor in 0.40 ms, found 1 plugins.
Preloading 0 native plugins for Editor in 0.00 ms.
Unloading 2021 Unused Serialized files (Serialized files now loaded: 0)
System memory in use before: 96.0 MB.
System memory in use after: 96.0 MB.

Unloading 33 unused Assets to reduce memory usage. Loaded Objects now: 2500.
Total: 1.628000 ms (FindLiveObjects: 0.161300 ms CreateObjectMapping: 0.066200 ms MarkObjects: 1.313500 ms  DeleteObjects: 0.086200 ms)

========================================================================
Received Prepare
Registering precompiled user dll's ...
Registered in 0.000984 seconds.
Begin MonoManager ReloadAssembly
Native extension for WindowsStandalone target not found
Native extension for OSXStandalone target not found
Native extension for WebGL target not found
Refreshing native plugins compatible for Editor in 0.40 ms, found 1 plugins.
Preloading 0 native plugins for Editor in 0.00 ms.
Invoked RoslynAnalysisRunner static constructor.
RoslynAnalysisRunner will not be running.
RoslynAnalysisRunner has terminated.
Mono: successfully reloaded assembly
- Completed reload, in  0.634 seconds
Platform modules already initialized, skipping
Refreshing native plugins compatible for Editor in 0.40 ms, found 1 plugins.
Preloading 0 native plugins for Editor in 0.00 ms.
Unloading 2021 Unused Serialized files (Serialized files now loaded: 0)
System memory in use before: 96.1 MB.
System memory in use after: 96.0 MB.

Unloading 33 unused Assets to reduce memory usage. Loaded Objects now: 2502.
Total: 1.555800 ms (FindLiveObjects: 0.146400 ms CreateObjectMapping: 0.060700 ms MarkObjects: 1.259900 ms  DeleteObjects: 0.088000 ms)

========================================================================
Received Prepare
Registering precompiled user dll's ...
Registered in 0.001037 seconds.
Begin MonoManager ReloadAssembly
Native extension for WindowsStandalone target not found
Native extension for OSXStandalone target not found
Native extension for WebGL target not found
Refreshing native plugins compatible for Editor in 0.45 ms, found 1 plugins.
Preloading 0 native plugins for Editor in 0.00 ms.
Invoked RoslynAnalysisRunner static constructor.
RoslynAnalysisRunner will not be running.
RoslynAnalysisRunner has terminated.
Mono: successfully reloaded assembly
- Completed reload, in  0.686 seconds
Platform modules already initialized, skipping
Refreshing native plugins compatible for Editor in 0.45 ms, found 1 plugins.
Preloading 0 native plugins for Editor in 0.00 ms.
Unloading 2021 Unused Serialized files (Serialized files now loaded: 0)
System memory in use before: 96.1 MB.
System memory in use after: 96.1 MB.

Unloading 33 unused Assets to reduce memory usage. Loaded Objects now: 2504.
Total: 1.603700 ms (FindLiveObjects: 0.174700 ms CreateObjectMapping: 0.069400 ms MarkObjects: 1.271900 ms  DeleteObjects: 0.086800 ms)

========================================================================
Received Import Request.
  Time since last request: 2329.255700 seconds.
  path: Assets/Animations/Blinky.overrideController
  artifactKey: Guid(908bb066512daf749ae9be58f102585b) Importer(815301076,1909f56bfc062723c751e8b465ee728b)
Start importing Assets/Animations/Blinky.overrideController using Guid(908bb066512daf749ae9be58f102585b) Importer(815301076,1909f56bfc062723c751e8b465ee728b)  -> (artifact id: '35fd8ef7198153d763dc2ce814a7452d') in 0.011891 seconds
  Import took 0.014724 seconds .

========================================================================
Received Import Request.
  Time since last request: 0.011372 seconds.
  path: Assets/Animations/Blinky.overrideController
  artifactKey: Guid(908bb066512daf749ae9be58f102585b) Importer(815301076,1909f56bfc062723c751e8b465ee728b)
Start importing Assets/Animations/Blinky.overrideController using Guid(908bb066512daf749ae9be58f102585b) Importer(815301076,1909f56bfc062723c751e8b465ee728b)  -> (artifact id: '35fd8ef7198153d763dc2ce814a7452d') in 0.002610 seconds
  Import took 0.005027 seconds .

========================================================================
Received Import Request.
  Time since last request: 3.480325 seconds.
  path: Assets/Animations/Start_0.controller
  artifactKey: Guid(3c0cf1724b103594abb0800c7f2d8b33) Importer(815301076,1909f56bfc062723c751e8b465ee728b)
Start importing Assets/Animations/Start_0.controller using Guid(3c0cf1724b103594abb0800c7f2d8b33) Importer(815301076,1909f56bfc062723c751e8b465ee728b)  -> (artifact id: '71a70506f6a593d09dc40b0877a4a827') in 0.003067 seconds
  Import took 0.005604 seconds .

========================================================================
Received Import Request.
  Time since last request: 0.000621 seconds.
  path: Assets/Animations/Start_0.controller
  artifactKey: Guid(3c0cf1724b103594abb0800c7f2d8b33) Importer(815301076,1909f56bfc062723c751e8b465ee728b)
Start importing Assets/Animations/Start_0.controller using Guid(3c0cf1724b103594abb0800c7f2d8b33) Importer(815301076,1909f56bfc062723c751e8b465ee728b)  -> (artifact id: '71a70506f6a593d09dc40b0877a4a827') in 0.001551 seconds
  Import took 0.003859 seconds .

========================================================================
Received Import Request.
  Time since last request: 4.293599 seconds.
  path: Assets/Animations/Clyde.overrideController
  artifactKey: Guid(487ac89c844968b48a4bb7587e5aa607) Importer(815301076,1909f56bfc062723c751e8b465ee728b)
Start importing Assets/Animations/Clyde.overrideController using Guid(487ac89c844968b48a4bb7587e5aa607) Importer(815301076,1909f56bfc062723c751e8b465ee728b)  -> (artifact id: '88200b00d755b1ee76a3e427c993c922') in 0.002762 seconds
  Import took 0.005166 seconds .

========================================================================
Received Import Request.
  Time since last request: 36.817191 seconds.
  path: Assets/Animations/Pinky.overrideController
  artifactKey: Guid(7352a6c1b7df667468159c975e92c464) Importer(815301076,1909f56bfc062723c751e8b465ee728b)
Start importing Assets/Animations/Pinky.overrideController using Guid(7352a6c1b7df667468159c975e92c464) Importer(815301076,1909f56bfc062723c751e8b465ee728b)  -> (artifact id: '2e9ba6269023cb5f340b808872d48d26') in 0.002782 seconds
  Import took 0.005472 seconds .

AssetImportWorkerClient::OnTransportError - code=2 error=End of file
