Using pre-set license
Built from '2020.2/release' branch; Version is '2020.2.4f1 (becced5a802b) revision 12504301'; Using compiler version '192528614'; Build Type 'Release'
OS: 'Windows 10 Pro; OS build 19042.1237; Version 2009; 64bit' Language: 'zh' Physical Memory: 32686 MB
BatchMode: 1, IsHumanControllingUs: 0, StartBugReporterOnCrash: 0, Is64bit: 1, IsPro: 0

 COMMAND LINE ARGUMENTS:
C:\Program Files\Unity\Hub\Editor\2020.2.4f1\Editor\Unity.exe
-adb2
-batchMode
-noUpm
-name
AssetImportWorker0
-projectPath
D:/UnityGame/PacMan
-logFile
Logs/AssetImportWorker0.log
-srvPort
58928
Successfully changed project path to: D:/UnityGame/PacMan
D:/UnityGame/PacMan
Using Asset Import Pipeline V2.
Refreshing native plugins compatible for Editor in 32.53 ms, found 1 plugins.
Preloading 0 native plugins for Editor in 0.00 ms.
Initialize engine version: 2020.2.4f1 (becced5a802b)
[Subsystems] Discovering subsystems at path C:/Program Files/Unity/Hub/Editor/2020.2.4f1/Editor/Data/Resources/UnitySubsystems
[Subsystems] Discovering subsystems at path D:/UnityGame/PacMan/Assets
GfxDevice: creating device client; threaded=0
Direct3D:
    Version:  Direct3D 11.0 [level 11.1]
    Renderer: NVIDIA GeForce RTX 2080 Ti (ID=0x1e07)
    Vendor:   
    VRAM:     11049 MB
    Driver:   27.21.14.5671
Initialize mono
Mono path[0] = 'C:/Program Files/Unity/Hub/Editor/2020.2.4f1/Editor/Data/Managed'
Mono path[1] = 'C:/Program Files/Unity/Hub/Editor/2020.2.4f1/Editor/Data/MonoBleedingEdge/lib/mono/unityjit'
Mono config path = 'C:/Program Files/Unity/Hub/Editor/2020.2.4f1/Editor/Data/MonoBleedingEdge/etc'
Using monoOptions --debugger-agent=transport=dt_socket,embedding=1,server=y,suspend=n,address=127.0.0.1:56444
Begin MonoManager ReloadAssembly
Registering precompiled unity dll's ...
Register platform support module: C:/Program Files/Unity/Hub/Editor/2020.2.4f1/Editor/Data/PlaybackEngines/WebGLSupport/UnityEditor.WebGL.Extensions.dll
Register platform support module: C:/Program Files/Unity/Hub/Editor/2020.2.4f1/Editor/Data/PlaybackEngines/MacStandaloneSupport/UnityEditor.OSXStandalone.Extensions.dll
Register platform support module: C:/Program Files/Unity/Hub/Editor/2020.2.4f1/Editor/Data/PlaybackEngines/WindowsStandaloneSupport/UnityEditor.WindowsStandalone.Extensions.dll
Registered in 0.002183 seconds.
Native extension for WindowsStandalone target not found
Native extension for OSXStandalone target not found
Native extension for WebGL target not found
Refreshing native plugins compatible for Editor in 30.91 ms, found 1 plugins.
Preloading 0 native plugins for Editor in 0.00 ms.
Invoked RoslynAnalysisRunner static constructor.
RoslynAnalysisRunner will not be running.
RoslynAnalysisRunner has terminated.
Mono: successfully reloaded assembly
- Completed reload, in  0.942 seconds
Platform modules already initialized, skipping
Registering precompiled user dll's ...
Registered in 0.000950 seconds.
Begin MonoManager ReloadAssembly
Native extension for WindowsStandalone target not found
Native extension for OSXStandalone target not found
Native extension for WebGL target not found
Refreshing native plugins compatible for Editor in 31.28 ms, found 1 plugins.
Preloading 0 native plugins for Editor in 0.00 ms.
Invoked RoslynAnalysisRunner static constructor.
RoslynAnalysisRunner will not be running.
RoslynAnalysisRunner has terminated.
Mono: successfully reloaded assembly
- Completed reload, in  0.702 seconds
Platform modules already initialized, skipping
========================================================================
Worker process is ready to serve import requests
Launched and connected shader compiler UnityShaderCompiler.exe after 0.03 seconds
Refreshing native plugins compatible for Editor in 0.41 ms, found 1 plugins.
Preloading 0 native plugins for Editor in 0.00 ms.
Unloading 2026 Unused Serialized files (Serialized files now loaded: 0)
System memory in use before: 92.8 MB.
System memory in use after: 92.8 MB.

Unloading 44 unused Assets to reduce memory usage. Loaded Objects now: 2452.
Total: 1.661100 ms (FindLiveObjects: 0.228400 ms CreateObjectMapping: 0.067500 ms MarkObjects: 1.269400 ms  DeleteObjects: 0.094900 ms)

========================================================================
Received Import Request.
  path: Assets/Sprite_Forass3/Maze.png
  artifactKey: Guid(ace30bc2969731c409bf2a66e381c445) Importer(815301076,1909f56bfc062723c751e8b465ee728b)
Start importing Assets/Sprite_Forass3/Maze.png using Guid(ace30bc2969731c409bf2a66e381c445) Importer(815301076,1909f56bfc062723c751e8b465ee728b)  -> (artifact id: 'bdf130cff94bfa058e3a90b75d78f918') in 0.069951 seconds
  Import took 0.072452 seconds .

========================================================================
Received Prepare
Refreshing native plugins compatible for Editor in 3.24 ms, found 1 plugins.
Preloading 0 native plugins for Editor in 0.00 ms.
Unloading 31 Unused Serialized files (Serialized files now loaded: 0)
System memory in use before: 56.6 MB.
System memory in use after: 56.6 MB.

Unloading 30 unused Assets to reduce memory usage. Loaded Objects now: 2458.
Total: 1.799800 ms (FindLiveObjects: 0.159100 ms CreateObjectMapping: 0.063100 ms MarkObjects: 1.505300 ms  DeleteObjects: 0.071800 ms)

========================================================================
Received Prepare
Registering precompiled user dll's ...
Registered in 0.000941 seconds.
Begin MonoManager ReloadAssembly
Native extension for WindowsStandalone target not found
Native extension for OSXStandalone target not found
Native extension for WebGL target not found
Refreshing native plugins compatible for Editor in 0.40 ms, found 1 plugins.
Preloading 0 native plugins for Editor in 0.00 ms.
Invoked RoslynAnalysisRunner static constructor.
RoslynAnalysisRunner will not be running.
RoslynAnalysisRunner has terminated.
Mono: successfully reloaded assembly
- Completed reload, in  0.657 seconds
Platform modules already initialized, skipping
Refreshing native plugins compatible for Editor in 0.39 ms, found 1 plugins.
Preloading 0 native plugins for Editor in 0.00 ms.
Unloading 2021 Unused Serialized files (Serialized files now loaded: 0)
System memory in use before: 95.8 MB.
System memory in use after: 95.8 MB.

Unloading 33 unused Assets to reduce memory usage. Loaded Objects now: 2460.
Total: 1.597500 ms (FindLiveObjects: 0.167100 ms CreateObjectMapping: 0.068500 ms MarkObjects: 1.283900 ms  DeleteObjects: 0.077200 ms)

========================================================================
Received Prepare
Registering precompiled user dll's ...
Registered in 0.000935 seconds.
Begin MonoManager ReloadAssembly
Native extension for WindowsStandalone target not found
Native extension for OSXStandalone target not found
Native extension for WebGL target not found
Refreshing native plugins compatible for Editor in 0.36 ms, found 1 plugins.
Preloading 0 native plugins for Editor in 0.00 ms.
Invoked RoslynAnalysisRunner static constructor.
RoslynAnalysisRunner will not be running.
RoslynAnalysisRunner has terminated.
Mono: successfully reloaded assembly
- Completed reload, in  0.661 seconds
Platform modules already initialized, skipping
Refreshing native plugins compatible for Editor in 0.42 ms, found 1 plugins.
Preloading 0 native plugins for Editor in 0.00 ms.
Unloading 2021 Unused Serialized files (Serialized files now loaded: 0)
System memory in use before: 95.8 MB.
System memory in use after: 95.8 MB.

Unloading 33 unused Assets to reduce memory usage. Loaded Objects now: 2462.
Total: 1.868600 ms (FindLiveObjects: 0.222100 ms CreateObjectMapping: 0.084800 ms MarkObjects: 1.474500 ms  DeleteObjects: 0.086300 ms)

========================================================================
Received Prepare
Registering precompiled user dll's ...
Registered in 0.001010 seconds.
Begin MonoManager ReloadAssembly
Native extension for WindowsStandalone target not found
Native extension for OSXStandalone target not found
Native extension for WebGL target not found
Refreshing native plugins compatible for Editor in 0.40 ms, found 1 plugins.
Preloading 0 native plugins for Editor in 0.00 ms.
Invoked RoslynAnalysisRunner static constructor.
RoslynAnalysisRunner will not be running.
RoslynAnalysisRunner has terminated.
Mono: successfully reloaded assembly
- Completed reload, in  0.633 seconds
Platform modules already initialized, skipping
Refreshing native plugins compatible for Editor in 0.38 ms, found 1 plugins.
Preloading 0 native plugins for Editor in 0.00 ms.
Unloading 2021 Unused Serialized files (Serialized files now loaded: 0)
System memory in use before: 95.9 MB.
System memory in use after: 95.9 MB.

Unloading 33 unused Assets to reduce memory usage. Loaded Objects now: 2464.
Total: 1.843400 ms (FindLiveObjects: 0.226600 ms CreateObjectMapping: 0.097600 ms MarkObjects: 1.438700 ms  DeleteObjects: 0.079200 ms)

========================================================================
Received Prepare
Registering precompiled user dll's ...
Registered in 0.000905 seconds.
Begin MonoManager ReloadAssembly
Native extension for WindowsStandalone target not found
Native extension for OSXStandalone target not found
Native extension for WebGL target not found
Refreshing native plugins compatible for Editor in 0.42 ms, found 1 plugins.
Preloading 0 native plugins for Editor in 0.00 ms.
Invoked RoslynAnalysisRunner static constructor.
RoslynAnalysisRunner will not be running.
RoslynAnalysisRunner has terminated.
Mono: successfully reloaded assembly
- Completed reload, in  0.661 seconds
Platform modules already initialized, skipping
Refreshing native plugins compatible for Editor in 0.43 ms, found 1 plugins.
Preloading 0 native plugins for Editor in 0.00 ms.
Unloading 2021 Unused Serialized files (Serialized files now loaded: 0)
System memory in use before: 95.9 MB.
System memory in use after: 95.9 MB.

Unloading 33 unused Assets to reduce memory usage. Loaded Objects now: 2466.
Total: 1.496700 ms (FindLiveObjects: 0.143800 ms CreateObjectMapping: 0.061000 ms MarkObjects: 1.209000 ms  DeleteObjects: 0.082000 ms)

========================================================================
Received Prepare
Registering precompiled user dll's ...
Registered in 0.000952 seconds.
Begin MonoManager ReloadAssembly
Native extension for WindowsStandalone target not found
Native extension for OSXStandalone target not found
Native extension for WebGL target not found
Refreshing native plugins compatible for Editor in 0.40 ms, found 1 plugins.
Preloading 0 native plugins for Editor in 0.00 ms.
Invoked RoslynAnalysisRunner static constructor.
RoslynAnalysisRunner will not be running.
RoslynAnalysisRunner has terminated.
Mono: successfully reloaded assembly
- Completed reload, in  0.632 seconds
Platform modules already initialized, skipping
Refreshing native plugins compatible for Editor in 0.37 ms, found 1 plugins.
Preloading 0 native plugins for Editor in 0.00 ms.
Unloading 2021 Unused Serialized files (Serialized files now loaded: 0)
System memory in use before: 95.9 MB.
System memory in use after: 95.9 MB.

Unloading 33 unused Assets to reduce memory usage. Loaded Objects now: 2468.
Total: 1.617700 ms (FindLiveObjects: 0.149600 ms CreateObjectMapping: 0.064800 ms MarkObjects: 1.322100 ms  DeleteObjects: 0.080400 ms)

========================================================================
Received Prepare
Registering precompiled user dll's ...
Registered in 0.000970 seconds.
Begin MonoManager ReloadAssembly
Native extension for WindowsStandalone target not found
Native extension for OSXStandalone target not found
Native extension for WebGL target not found
Refreshing native plugins compatible for Editor in 0.37 ms, found 1 plugins.
Preloading 0 native plugins for Editor in 0.00 ms.
Invoked RoslynAnalysisRunner static constructor.
RoslynAnalysisRunner will not be running.
RoslynAnalysisRunner has terminated.
Mono: successfully reloaded assembly
- Completed reload, in  0.642 seconds
Platform modules already initialized, skipping
Refreshing native plugins compatible for Editor in 0.38 ms, found 1 plugins.
Preloading 0 native plugins for Editor in 0.00 ms.
Unloading 2021 Unused Serialized files (Serialized files now loaded: 0)
System memory in use before: 95.9 MB.
System memory in use after: 95.9 MB.

Unloading 33 unused Assets to reduce memory usage. Loaded Objects now: 2470.
Total: 1.585600 ms (FindLiveObjects: 0.170300 ms CreateObjectMapping: 0.061200 ms MarkObjects: 1.273100 ms  DeleteObjects: 0.080200 ms)

========================================================================
Received Prepare
Registering precompiled user dll's ...
Registered in 0.000971 seconds.
Begin MonoManager ReloadAssembly
Native extension for WindowsStandalone target not found
Native extension for OSXStandalone target not found
Native extension for WebGL target not found
Refreshing native plugins compatible for Editor in 0.40 ms, found 1 plugins.
Preloading 0 native plugins for Editor in 0.00 ms.
Invoked RoslynAnalysisRunner static constructor.
RoslynAnalysisRunner will not be running.
RoslynAnalysisRunner has terminated.
Mono: successfully reloaded assembly
- Completed reload, in  0.642 seconds
Platform modules already initialized, skipping
Refreshing native plugins compatible for Editor in 0.41 ms, found 1 plugins.
Preloading 0 native plugins for Editor in 0.00 ms.
Unloading 2021 Unused Serialized files (Serialized files now loaded: 0)
System memory in use before: 95.9 MB.
System memory in use after: 95.9 MB.

Unloading 33 unused Assets to reduce memory usage. Loaded Objects now: 2472.
Total: 1.731800 ms (FindLiveObjects: 0.160000 ms CreateObjectMapping: 0.071500 ms MarkObjects: 1.414300 ms  DeleteObjects: 0.085200 ms)

========================================================================
Received Prepare
Registering precompiled user dll's ...
Registered in 0.000980 seconds.
Begin MonoManager ReloadAssembly
Native extension for WindowsStandalone target not found
Native extension for OSXStandalone target not found
Native extension for WebGL target not found
Refreshing native plugins compatible for Editor in 0.42 ms, found 1 plugins.
Preloading 0 native plugins for Editor in 0.00 ms.
Invoked RoslynAnalysisRunner static constructor.
RoslynAnalysisRunner will not be running.
RoslynAnalysisRunner has terminated.
Mono: successfully reloaded assembly
- Completed reload, in  0.630 seconds
Platform modules already initialized, skipping
Refreshing native plugins compatible for Editor in 0.39 ms, found 1 plugins.
Preloading 0 native plugins for Editor in 0.00 ms.
Unloading 2021 Unused Serialized files (Serialized files now loaded: 0)
System memory in use before: 95.9 MB.
System memory in use after: 95.9 MB.

Unloading 33 unused Assets to reduce memory usage. Loaded Objects now: 2474.
Total: 1.786400 ms (FindLiveObjects: 0.171600 ms CreateObjectMapping: 0.081200 ms MarkObjects: 1.444900 ms  DeleteObjects: 0.087800 ms)

========================================================================
Received Import Request.
  Time since last request: 700.502305 seconds.
  path: Assets/Sprite/Pacdot.png
  artifactKey: Guid(98400209d69caa44faad2946596088b8) Importer(815301076,1909f56bfc062723c751e8b465ee728b)
Start importing Assets/Sprite/Pacdot.png using Guid(98400209d69caa44faad2946596088b8) Importer(815301076,1909f56bfc062723c751e8b465ee728b)  -> (artifact id: '2e18efefba5cdd455a80d3fba2f17c96') in 0.037240 seconds
  Import took 0.040104 seconds .

========================================================================
Received Prepare
Registering precompiled user dll's ...
Registered in 0.000999 seconds.
Begin MonoManager ReloadAssembly
Native extension for WindowsStandalone target not found
Native extension for OSXStandalone target not found
Native extension for WebGL target not found
Refreshing native plugins compatible for Editor in 0.40 ms, found 1 plugins.
Preloading 0 native plugins for Editor in 0.00 ms.
Invoked RoslynAnalysisRunner static constructor.
RoslynAnalysisRunner will not be running.
RoslynAnalysisRunner has terminated.
Mono: successfully reloaded assembly
- Completed reload, in  0.638 seconds
Platform modules already initialized, skipping
Refreshing native plugins compatible for Editor in 0.40 ms, found 1 plugins.
Preloading 0 native plugins for Editor in 0.00 ms.
Unloading 2021 Unused Serialized files (Serialized files now loaded: 0)
System memory in use before: 95.9 MB.
System memory in use after: 95.9 MB.

Unloading 33 unused Assets to reduce memory usage. Loaded Objects now: 2479.
Total: 1.488300 ms (FindLiveObjects: 0.147900 ms CreateObjectMapping: 0.061700 ms MarkObjects: 1.195300 ms  DeleteObjects: 0.082500 ms)

========================================================================
Received Import Request.
  Time since last request: 15.249207 seconds.
  path: Assets/Sprite/Maze.png
  artifactKey: Guid(ace30bc2969731c409bf2a66e381c445) Importer(815301076,1909f56bfc062723c751e8b465ee728b)
Start importing Assets/Sprite/Maze.png using Guid(ace30bc2969731c409bf2a66e381c445) Importer(815301076,1909f56bfc062723c751e8b465ee728b)  -> (artifact id: '5ac4f9a54451820fa07b7f9c8af54ebc') in 0.035304 seconds
  Import took 0.037848 seconds .

========================================================================
Received Prepare
Registering precompiled user dll's ...
Registered in 0.000960 seconds.
Begin MonoManager ReloadAssembly
Native extension for WindowsStandalone target not found
Native extension for OSXStandalone target not found
Native extension for WebGL target not found
Refreshing native plugins compatible for Editor in 0.41 ms, found 1 plugins.
Preloading 0 native plugins for Editor in 0.00 ms.
Invoked RoslynAnalysisRunner static constructor.
RoslynAnalysisRunner will not be running.
RoslynAnalysisRunner has terminated.
Mono: successfully reloaded assembly
- Completed reload, in  0.672 seconds
Platform modules already initialized, skipping
Refreshing native plugins compatible for Editor in 0.40 ms, found 1 plugins.
Preloading 0 native plugins for Editor in 0.00 ms.
Unloading 2021 Unused Serialized files (Serialized files now loaded: 0)
System memory in use before: 95.9 MB.
System memory in use after: 95.9 MB.

Unloading 33 unused Assets to reduce memory usage. Loaded Objects now: 2482.
Total: 1.546600 ms (FindLiveObjects: 0.155300 ms CreateObjectMapping: 0.060700 ms MarkObjects: 1.244800 ms  DeleteObjects: 0.085000 ms)

========================================================================
Received Import Request.
  Time since last request: 153.216996 seconds.
  path: Assets/Sprite/Maze.png
  artifactKey: Guid(ace30bc2969731c409bf2a66e381c445) Importer(815301076,1909f56bfc062723c751e8b465ee728b)
Start importing Assets/Sprite/Maze.png using Guid(ace30bc2969731c409bf2a66e381c445) Importer(815301076,1909f56bfc062723c751e8b465ee728b)  -> (artifact id: '37363eee876854f50d675033fb2eb5c9') in 0.040859 seconds
  Import took 0.043725 seconds .

========================================================================
Received Import Request.
  Time since last request: 0.000853 seconds.
  path: Assets/Sprite/Maze.png
  artifactKey: Guid(ace30bc2969731c409bf2a66e381c445) Importer(815301076,1909f56bfc062723c751e8b465ee728b)
Start importing Assets/Sprite/Maze.png using Guid(ace30bc2969731c409bf2a66e381c445) Importer(815301076,1909f56bfc062723c751e8b465ee728b)  -> (artifact id: '37363eee876854f50d675033fb2eb5c9') in 0.008234 seconds
  Import took 0.010526 seconds .

========================================================================
Received Prepare
Registering precompiled user dll's ...
Registered in 0.001134 seconds.
Begin MonoManager ReloadAssembly
Native extension for WindowsStandalone target not found
Native extension for OSXStandalone target not found
Native extension for WebGL target not found
Refreshing native plugins compatible for Editor in 0.41 ms, found 1 plugins.
Preloading 0 native plugins for Editor in 0.00 ms.
Invoked RoslynAnalysisRunner static constructor.
RoslynAnalysisRunner will not be running.
RoslynAnalysisRunner has terminated.
Mono: successfully reloaded assembly
- Completed reload, in  0.660 seconds
Platform modules already initialized, skipping
Refreshing native plugins compatible for Editor in 0.40 ms, found 1 plugins.
Preloading 0 native plugins for Editor in 0.00 ms.
Unloading 2021 Unused Serialized files (Serialized files now loaded: 0)
System memory in use before: 96.0 MB.
System memory in use after: 95.9 MB.

Unloading 33 unused Assets to reduce memory usage. Loaded Objects now: 2485.
Total: 1.618000 ms (FindLiveObjects: 0.224200 ms CreateObjectMapping: 0.065400 ms MarkObjects: 1.236400 ms  DeleteObjects: 0.091100 ms)

========================================================================
Received Import Request.
  Time since last request: 39.720155 seconds.
  path: Assets/Scripts/GameManager.cs
  artifactKey: Guid(045ef55310b310a4ea77391c046d1429) Importer(815301076,1909f56bfc062723c751e8b465ee728b)
Start importing Assets/Scripts/GameManager.cs using Guid(045ef55310b310a4ea77391c046d1429) Importer(815301076,1909f56bfc062723c751e8b465ee728b)  -> (artifact id: '14566ea850583fce6708c7191bbede98') in 0.007162 seconds
  Import took 0.009578 seconds .

========================================================================
Received Import Request.
  Time since last request: 0.017343 seconds.
  path: Assets/Scripts/GameManager.cs
  artifactKey: Guid(045ef55310b310a4ea77391c046d1429) Importer(815301076,1909f56bfc062723c751e8b465ee728b)
Start importing Assets/Scripts/GameManager.cs using Guid(045ef55310b310a4ea77391c046d1429) Importer(815301076,1909f56bfc062723c751e8b465ee728b)  -> (artifact id: '14566ea850583fce6708c7191bbede98') in 0.001029 seconds
  Import took 0.003339 seconds .

========================================================================
Received Import Request.
  Time since last request: 17.414951 seconds.
  path: Assets/Prefabs/GameOver.prefab
  artifactKey: Guid(0716ef3bcf63d9d4d879fed1b4f9bf47) Importer(815301076,1909f56bfc062723c751e8b465ee728b)
Start importing Assets/Prefabs/GameOver.prefab using Guid(0716ef3bcf63d9d4d879fed1b4f9bf47) Importer(815301076,1909f56bfc062723c751e8b465ee728b)  -> (artifact id: 'd561f256e1563a0a01d2be2f7ca68838') in 0.048909 seconds
  Import took 0.051459 seconds .

========================================================================
Received Prepare
Registering precompiled user dll's ...
Registered in 0.000925 seconds.
Begin MonoManager ReloadAssembly
Native extension for WindowsStandalone target not found
Native extension for OSXStandalone target not found
Native extension for WebGL target not found
Refreshing native plugins compatible for Editor in 0.40 ms, found 1 plugins.
Preloading 0 native plugins for Editor in 0.00 ms.
Invoked RoslynAnalysisRunner static constructor.
RoslynAnalysisRunner will not be running.
RoslynAnalysisRunner has terminated.
Mono: successfully reloaded assembly
- Completed reload, in  0.641 seconds
Platform modules already initialized, skipping
Refreshing native plugins compatible for Editor in 0.39 ms, found 1 plugins.
Preloading 0 native plugins for Editor in 0.00 ms.
Unloading 2021 Unused Serialized files (Serialized files now loaded: 0)
System memory in use before: 96.0 MB.
System memory in use after: 96.0 MB.

Unloading 33 unused Assets to reduce memory usage. Loaded Objects now: 2492.
Total: 1.711700 ms (FindLiveObjects: 0.155000 ms CreateObjectMapping: 0.060200 ms MarkObjects: 1.410600 ms  DeleteObjects: 0.085100 ms)

========================================================================
Received Prepare
Registering precompiled user dll's ...
Registered in 0.001471 seconds.
Begin MonoManager ReloadAssembly
Native extension for WindowsStandalone target not found
Native extension for OSXStandalone target not found
Native extension for WebGL target not found
Refreshing native plugins compatible for Editor in 0.42 ms, found 1 plugins.
Preloading 0 native plugins for Editor in 0.00 ms.
Invoked RoslynAnalysisRunner static constructor.
RoslynAnalysisRunner will not be running.
RoslynAnalysisRunner has terminated.
Mono: successfully reloaded assembly
- Completed reload, in  0.640 seconds
Platform modules already initialized, skipping
Refreshing native plugins compatible for Editor in 0.38 ms, found 1 plugins.
Preloading 0 native plugins for Editor in 0.00 ms.
Unloading 2021 Unused Serialized files (Serialized files now loaded: 0)
System memory in use before: 96.0 MB.
System memory in use after: 96.0 MB.

Unloading 33 unused Assets to reduce memory usage. Loaded Objects now: 2494.
Total: 1.535800 ms (FindLiveObjects: 0.145100 ms CreateObjectMapping: 0.061600 ms MarkObjects: 1.243800 ms  DeleteObjects: 0.084100 ms)

========================================================================
Received Import Request.
  Time since last request: 619.191023 seconds.
  path: ProjectSettings/TagManager.asset
  artifactKey: Guid(00000000000000003000000000000000) Importer(815301076,1909f56bfc062723c751e8b465ee728b)
Start importing ProjectSettings/TagManager.asset using Guid(00000000000000003000000000000000) Importer(815301076,1909f56bfc062723c751e8b465ee728b)  -> (artifact id: '135b5813783864719e8674deb51bac1c') in 0.012840 seconds
  Import took 0.016600 seconds .

========================================================================
Received Import Request.
  Time since last request: 0.000482 seconds.
  path: ProjectSettings/TagManager.asset
  artifactKey: Guid(00000000000000003000000000000000) Importer(815301076,1909f56bfc062723c751e8b465ee728b)
Start importing ProjectSettings/TagManager.asset using Guid(00000000000000003000000000000000) Importer(815301076,1909f56bfc062723c751e8b465ee728b)  -> (artifact id: '135b5813783864719e8674deb51bac1c') in 0.001793 seconds
  Import took 0.004399 seconds .

========================================================================
Received Import Request.
  Time since last request: 40.422240 seconds.
  path: Assets/Sprite/Maze.png
  artifactKey: Guid(ace30bc2969731c409bf2a66e381c445) Importer(815301076,1909f56bfc062723c751e8b465ee728b)
Start importing Assets/Sprite/Maze.png using Guid(ace30bc2969731c409bf2a66e381c445) Importer(815301076,1909f56bfc062723c751e8b465ee728b)  -> (artifact id: 'e86079401d0af1a9f0d0c6ebccafc1af') in 0.030650 seconds
  Import took 0.033202 seconds .

========================================================================
Received Import Request.
  Time since last request: 5.333272 seconds.
  path: Assets/Sprite/Maze.png
  artifactKey: Guid(ace30bc2969731c409bf2a66e381c445) Importer(815301076,1909f56bfc062723c751e8b465ee728b)
Start importing Assets/Sprite/Maze.png using Guid(ace30bc2969731c409bf2a66e381c445) Importer(815301076,1909f56bfc062723c751e8b465ee728b)  -> (artifact id: '1b687e482e6005b76430ca4fda30bf4d') in 0.015842 seconds
  Import took 0.018288 seconds .

========================================================================
Received Import Request.
  Time since last request: 3.729360 seconds.
  path: Assets/Sprite/Maze.png
  artifactKey: Guid(ace30bc2969731c409bf2a66e381c445) Importer(815301076,1909f56bfc062723c751e8b465ee728b)
Start importing Assets/Sprite/Maze.png using Guid(ace30bc2969731c409bf2a66e381c445) Importer(815301076,1909f56bfc062723c751e8b465ee728b)  -> (artifact id: '2c95eaac38faf66af815be3b69157224') in 0.009518 seconds
  Import took 0.011980 seconds .

========================================================================
Received Prepare
Registering precompiled user dll's ...
Registered in 0.000950 seconds.
Begin MonoManager ReloadAssembly
Native extension for WindowsStandalone target not found
Native extension for OSXStandalone target not found
Native extension for WebGL target not found
Refreshing native plugins compatible for Editor in 0.41 ms, found 1 plugins.
Preloading 0 native plugins for Editor in 0.00 ms.
Invoked RoslynAnalysisRunner static constructor.
RoslynAnalysisRunner will not be running.
RoslynAnalysisRunner has terminated.
Mono: successfully reloaded assembly
- Completed reload, in  0.633 seconds
Platform modules already initialized, skipping
Refreshing native plugins compatible for Editor in 0.41 ms, found 1 plugins.
Preloading 0 native plugins for Editor in 0.00 ms.
Unloading 2021 Unused Serialized files (Serialized files now loaded: 0)
System memory in use before: 96.0 MB.
System memory in use after: 96.0 MB.

Unloading 35 unused Assets to reduce memory usage. Loaded Objects now: 2497.
Total: 1.745600 ms (FindLiveObjects: 0.150100 ms CreateObjectMapping: 0.064000 ms MarkObjects: 1.442800 ms  DeleteObjects: 0.087600 ms)

========================================================================
Received Prepare
Registering precompiled user dll's ...
Registered in 0.001010 seconds.
Begin MonoManager ReloadAssembly
Native extension for WindowsStandalone target not found
Native extension for OSXStandalone target not found
Native extension for WebGL target not found
Refreshing native plugins compatible for Editor in 0.41 ms, found 1 plugins.
Preloading 0 native plugins for Editor in 0.00 ms.
Invoked RoslynAnalysisRunner static constructor.
RoslynAnalysisRunner will not be running.
RoslynAnalysisRunner has terminated.
Mono: successfully reloaded assembly
- Completed reload, in  0.629 seconds
Platform modules already initialized, skipping
Refreshing native plugins compatible for Editor in 0.38 ms, found 1 plugins.
Preloading 0 native plugins for Editor in 0.00 ms.
Unloading 2021 Unused Serialized files (Serialized files now loaded: 0)
System memory in use before: 96.0 MB.
System memory in use after: 96.0 MB.

Unloading 33 unused Assets to reduce memory usage. Loaded Objects now: 2499.
Total: 1.661700 ms (FindLiveObjects: 0.238200 ms CreateObjectMapping: 0.095400 ms MarkObjects: 1.242200 ms  DeleteObjects: 0.084800 ms)

========================================================================
Received Import Request.
  Time since last request: 55.894670 seconds.
  path: Assets/Sprite/Pacdot.png
  artifactKey: Guid(98400209d69caa44faad2946596088b8) Importer(815301076,1909f56bfc062723c751e8b465ee728b)
Start importing Assets/Sprite/Pacdot.png using Guid(98400209d69caa44faad2946596088b8) Importer(815301076,1909f56bfc062723c751e8b465ee728b)  -> (artifact id: '9a822d319abc285f7c6680b26f1fc031') in 0.033994 seconds
  Import took 0.036464 seconds .

========================================================================
Received Prepare
Registering precompiled user dll's ...
Registered in 0.001018 seconds.
Begin MonoManager ReloadAssembly
Native extension for WindowsStandalone target not found
Native extension for OSXStandalone target not found
Native extension for WebGL target not found
Refreshing native plugins compatible for Editor in 0.40 ms, found 1 plugins.
Preloading 0 native plugins for Editor in 0.00 ms.
Invoked RoslynAnalysisRunner static constructor.
RoslynAnalysisRunner will not be running.
RoslynAnalysisRunner has terminated.
Mono: successfully reloaded assembly
- Completed reload, in  0.641 seconds
Platform modules already initialized, skipping
Refreshing native plugins compatible for Editor in 0.35 ms, found 1 plugins.
Preloading 0 native plugins for Editor in 0.00 ms.
Unloading 2021 Unused Serialized files (Serialized files now loaded: 0)
System memory in use before: 96.0 MB.
System memory in use after: 96.0 MB.

Unloading 33 unused Assets to reduce memory usage. Loaded Objects now: 2502.
Total: 1.690100 ms (FindLiveObjects: 0.174100 ms CreateObjectMapping: 0.074100 ms MarkObjects: 1.352900 ms  DeleteObjects: 0.088400 ms)

========================================================================
Received Prepare
Registering precompiled user dll's ...
Registered in 0.000980 seconds.
Begin MonoManager ReloadAssembly
Native extension for WindowsStandalone target not found
Native extension for OSXStandalone target not found
Native extension for WebGL target not found
Refreshing native plugins compatible for Editor in 0.40 ms, found 1 plugins.
Preloading 0 native plugins for Editor in 0.00 ms.
Invoked RoslynAnalysisRunner static constructor.
RoslynAnalysisRunner will not be running.
RoslynAnalysisRunner has terminated.
Mono: successfully reloaded assembly
- Completed reload, in  0.633 seconds
Platform modules already initialized, skipping
Refreshing native plugins compatible for Editor in 0.37 ms, found 1 plugins.
Preloading 0 native plugins for Editor in 0.00 ms.
Unloading 2021 Unused Serialized files (Serialized files now loaded: 0)
System memory in use before: 96.0 MB.
System memory in use after: 96.0 MB.

Unloading 33 unused Assets to reduce memory usage. Loaded Objects now: 2504.
Total: 1.732900 ms (FindLiveObjects: 0.225500 ms CreateObjectMapping: 0.100600 ms MarkObjects: 1.322800 ms  DeleteObjects: 0.083100 ms)

========================================================================
Received Prepare
Registering precompiled user dll's ...
Registered in 0.000972 seconds.
Begin MonoManager ReloadAssembly
Native extension for WindowsStandalone target not found
Native extension for OSXStandalone target not found
Native extension for WebGL target not found
Refreshing native plugins compatible for Editor in 0.36 ms, found 1 plugins.
Preloading 0 native plugins for Editor in 0.00 ms.
Invoked RoslynAnalysisRunner static constructor.
RoslynAnalysisRunner will not be running.
RoslynAnalysisRunner has terminated.
Mono: successfully reloaded assembly
- Completed reload, in  0.651 seconds
Platform modules already initialized, skipping
Refreshing native plugins compatible for Editor in 0.41 ms, found 1 plugins.
Preloading 0 native plugins for Editor in 0.00 ms.
Unloading 2021 Unused Serialized files (Serialized files now loaded: 0)
System memory in use before: 96.0 MB.
System memory in use after: 96.0 MB.

Unloading 33 unused Assets to reduce memory usage. Loaded Objects now: 2506.
Total: 1.844200 ms (FindLiveObjects: 0.228100 ms CreateObjectMapping: 0.064500 ms MarkObjects: 1.421200 ms  DeleteObjects: 0.129700 ms)

========================================================================
Received Prepare
Registering precompiled user dll's ...
Registered in 0.000960 seconds.
Begin MonoManager ReloadAssembly
Native extension for WindowsStandalone target not found
Native extension for OSXStandalone target not found
Native extension for WebGL target not found
Refreshing native plugins compatible for Editor in 0.36 ms, found 1 plugins.
Preloading 0 native plugins for Editor in 0.00 ms.
Invoked RoslynAnalysisRunner static constructor.
RoslynAnalysisRunner will not be running.
RoslynAnalysisRunner has terminated.
Mono: successfully reloaded assembly
- Completed reload, in  0.644 seconds
Platform modules already initialized, skipping
Refreshing native plugins compatible for Editor in 0.42 ms, found 1 plugins.
Preloading 0 native plugins for Editor in 0.00 ms.
Unloading 2021 Unused Serialized files (Serialized files now loaded: 0)
System memory in use before: 96.1 MB.
System memory in use after: 96.1 MB.

Unloading 33 unused Assets to reduce memory usage. Loaded Objects now: 2508.
Total: 1.794700 ms (FindLiveObjects: 0.192000 ms CreateObjectMapping: 0.072100 ms MarkObjects: 1.444300 ms  DeleteObjects: 0.085500 ms)

========================================================================
Received Prepare
Registering precompiled user dll's ...
Registered in 0.000967 seconds.
Begin MonoManager ReloadAssembly
Native extension for WindowsStandalone target not found
Native extension for OSXStandalone target not found
Native extension for WebGL target not found
Refreshing native plugins compatible for Editor in 0.40 ms, found 1 plugins.
Preloading 0 native plugins for Editor in 0.00 ms.
Invoked RoslynAnalysisRunner static constructor.
RoslynAnalysisRunner will not be running.
RoslynAnalysisRunner has terminated.
Mono: successfully reloaded assembly
- Completed reload, in  0.628 seconds
Platform modules already initialized, skipping
Refreshing native plugins compatible for Editor in 0.35 ms, found 1 plugins.
Preloading 0 native plugins for Editor in 0.00 ms.
Unloading 2021 Unused Serialized files (Serialized files now loaded: 0)
System memory in use before: 96.1 MB.
System memory in use after: 96.1 MB.

Unloading 33 unused Assets to reduce memory usage. Loaded Objects now: 2510.
Total: 1.653100 ms (FindLiveObjects: 0.159300 ms CreateObjectMapping: 0.054300 ms MarkObjects: 1.356400 ms  DeleteObjects: 0.082200 ms)

========================================================================
Received Import Request.
  Time since last request: 426.200319 seconds.
  path: Assets/Prefabs/MazeComplete.prefab
  artifactKey: Guid(48627448fc5cdfd4b941981034537766) Importer(815301076,1909f56bfc062723c751e8b465ee728b)
Start importing Assets/Prefabs/MazeComplete.prefab using Guid(48627448fc5cdfd4b941981034537766) Importer(815301076,1909f56bfc062723c751e8b465ee728b)  -> (artifact id: '27a4172f381e83e9889a9365725e35bc') in 0.022632 seconds
  Import took 0.026755 seconds .

========================================================================
Received Import Request.
  Time since last request: 0.045604 seconds.
  path: Assets/Prefabs/MazeComplete.prefab
  artifactKey: Guid(48627448fc5cdfd4b941981034537766) Importer(815301076,1909f56bfc062723c751e8b465ee728b)
Start importing Assets/Prefabs/MazeComplete.prefab using Guid(48627448fc5cdfd4b941981034537766) Importer(815301076,1909f56bfc062723c751e8b465ee728b)  -> (artifact id: '27a4172f381e83e9889a9365725e35bc') in 0.007991 seconds
  Import took 0.011300 seconds .

========================================================================
Received Import Request.
  Time since last request: 13.207128 seconds.
  path: Assets/Prefabs/Maze.prefab
  artifactKey: Guid(48627448fc5cdfd4b941981034537766) Importer(815301076,1909f56bfc062723c751e8b465ee728b)
Start importing Assets/Prefabs/Maze.prefab using Guid(48627448fc5cdfd4b941981034537766) Importer(815301076,1909f56bfc062723c751e8b465ee728b)  -> (artifact id: 'a7d14d5b5b3afc9d056cc5eb538a34ba') in 0.007784 seconds
  Import took 0.011044 seconds .

========================================================================
Received Import Request.
  Time since last request: 6.652031 seconds.
  path: Assets/Fonts/PressStart2P.ttf
  artifactKey: Guid(4e3774efe0608f74f9b9ea79df7cb9b7) Importer(815301076,1909f56bfc062723c751e8b465ee728b)
Start importing Assets/Fonts/PressStart2P.ttf using Guid(4e3774efe0608f74f9b9ea79df7cb9b7) Importer(815301076,1909f56bfc062723c751e8b465ee728b)  -> (artifact id: '6024fc3c0b886760fca39e8e6fad86e1') in 0.039366 seconds
  Import took 0.041865 seconds .

========================================================================
Received Import Request.
  Time since last request: 1454.424962 seconds.
  path: Assets/Audios/intro Bgm.mp3
  artifactKey: Guid(b254fa0044099784989406c3a4529cd6) Importer(815301076,1909f56bfc062723c751e8b465ee728b)
Start importing Assets/Audios/intro Bgm.mp3 using Guid(b254fa0044099784989406c3a4529cd6) Importer(815301076,1909f56bfc062723c751e8b465ee728b)  -> (artifact id: 'ba730bb1531f59e7054058254bbcc8bd') in 0.016338 seconds
  Import took 0.019358 seconds .

========================================================================
Received Import Request.
  Time since last request: 440.282037 seconds.
  path: Assets/Audios/bgm.m4a
  artifactKey: Guid(0a7dddb5123aa4e42b984e158e144c09) Importer(815301076,1909f56bfc062723c751e8b465ee728b)
Start importing Assets/Audios/bgm.m4a using Guid(0a7dddb5123aa4e42b984e158e144c09) Importer(815301076,1909f56bfc062723c751e8b465ee728b)  -> (artifact id: '88fd5987b148f80f08d2c89a14b47f66') in 0.004375 seconds
  Import took 0.007402 seconds .

========================================================================
Received Import Request.
  Time since last request: 3.215768 seconds.
  path: Assets/Audios/ghost scared.m4a
  artifactKey: Guid(c4c45f0646c37af4a8580654a55c737a) Importer(815301076,1909f56bfc062723c751e8b465ee728b)
Start importing Assets/Audios/ghost scared.m4a using Guid(c4c45f0646c37af4a8580654a55c737a) Importer(815301076,1909f56bfc062723c751e8b465ee728b)  -> (artifact id: '3c0986fe41b5fce5b3053cddff65fe7b') in 0.001539 seconds
  Import took 0.004007 seconds .

========================================================================
Received Import Request.
  Time since last request: 0.000818 seconds.
  path: Assets/Audios/ghost scared.m4a
  artifactKey: Guid(c4c45f0646c37af4a8580654a55c737a) Importer(815301076,1909f56bfc062723c751e8b465ee728b)
Start importing Assets/Audios/ghost scared.m4a using Guid(c4c45f0646c37af4a8580654a55c737a) Importer(815301076,1909f56bfc062723c751e8b465ee728b)  -> (artifact id: '3c0986fe41b5fce5b3053cddff65fe7b') in 0.001292 seconds
  Import took 0.003518 seconds .

========================================================================
Received Import Request.
  Time since last request: 81.603190 seconds.
  path: Assets/Audios/bgm.mp3
  artifactKey: Guid(f391b2bd682b06b429ba99a664fd9055) Importer(815301076,1909f56bfc062723c751e8b465ee728b)
Start importing Assets/Audios/bgm.mp3 using Guid(f391b2bd682b06b429ba99a664fd9055) Importer(815301076,1909f56bfc062723c751e8b465ee728b)  -> (artifact id: '53f0aed0ddd288d2e167e27153536e52') in 0.001651 seconds
  Import took 0.004134 seconds .

========================================================================
Received Import Request.
  Time since last request: 0.001626 seconds.
  path: Assets/Audios/bgm.mp3
  artifactKey: Guid(f391b2bd682b06b429ba99a664fd9055) Importer(815301076,1909f56bfc062723c751e8b465ee728b)
Start importing Assets/Audios/bgm.mp3 using Guid(f391b2bd682b06b429ba99a664fd9055) Importer(815301076,1909f56bfc062723c751e8b465ee728b)  -> (artifact id: '53f0aed0ddd288d2e167e27153536e52') in 0.001410 seconds
  Import took 0.003618 seconds .

========================================================================
Received Import Request.
  Time since last request: 0.929994 seconds.
  path: Assets/Audios/ghost in dead state.m4a
  artifactKey: Guid(e86ce3108feba8a448fc2425f50d99c3) Importer(815301076,1909f56bfc062723c751e8b465ee728b)
Start importing Assets/Audios/ghost in dead state.m4a using Guid(e86ce3108feba8a448fc2425f50d99c3) Importer(815301076,1909f56bfc062723c751e8b465ee728b)  -> (artifact id: 'b500b144da54f3a76e7e52d740492cd3') in 0.001980 seconds
  Import took 0.004739 seconds .

========================================================================
Received Import Request.
  Time since last request: 8.493768 seconds.
  path: Assets/Audios/pacman moving.mp3
  artifactKey: Guid(7a18c22edffedaf408b490bd4dbaafe5) Importer(815301076,1909f56bfc062723c751e8b465ee728b)
Start importing Assets/Audios/pacman moving.mp3 using Guid(7a18c22edffedaf408b490bd4dbaafe5) Importer(815301076,1909f56bfc062723c751e8b465ee728b)  -> (artifact id: 'f3fda005f08fe400a81f7444cfc830ea') in 0.001693 seconds
  Import took 0.004144 seconds .

========================================================================
Received Import Request.
  Time since last request: 0.002077 seconds.
  path: Assets/Audios/pacman moving.mp3
  artifactKey: Guid(7a18c22edffedaf408b490bd4dbaafe5) Importer(815301076,1909f56bfc062723c751e8b465ee728b)
Start importing Assets/Audios/pacman moving.mp3 using Guid(7a18c22edffedaf408b490bd4dbaafe5) Importer(815301076,1909f56bfc062723c751e8b465ee728b)  -> (artifact id: 'f3fda005f08fe400a81f7444cfc830ea') in 0.001545 seconds
  Import took 0.003705 seconds .

========================================================================
Received Import Request.
  Time since last request: 0.378021 seconds.
  path: Assets/Audios/pacman moving.m4a
  artifactKey: Guid(b3ba8a7f4b0d3b34ea6316764f5487a7) Importer(815301076,1909f56bfc062723c751e8b465ee728b)
Start importing Assets/Audios/pacman moving.m4a using Guid(b3ba8a7f4b0d3b34ea6316764f5487a7) Importer(815301076,1909f56bfc062723c751e8b465ee728b)  -> (artifact id: '72e7c473d202e7f7e25c8491d1b09d2f') in 0.001375 seconds
  Import took 0.003864 seconds .

========================================================================
Received Import Request.
  Time since last request: 0.722028 seconds.
  path: Assets/Audios/pacman eat dot.m4a
  artifactKey: Guid(3febb15101dee8545a4ad0e025ba88c4) Importer(815301076,1909f56bfc062723c751e8b465ee728b)
Start importing Assets/Audios/pacman eat dot.m4a using Guid(3febb15101dee8545a4ad0e025ba88c4) Importer(815301076,1909f56bfc062723c751e8b465ee728b)  -> (artifact id: '858f9a8d5e8325f14dcd3dd68d991485') in 0.001900 seconds
  Import took 0.004516 seconds .

========================================================================
Received Import Request.
  Time since last request: 0.712437 seconds.
  path: Assets/Audios/pacman dead.m4a
  artifactKey: Guid(816b73c292f0ef64889fbce23680d7b9) Importer(815301076,1909f56bfc062723c751e8b465ee728b)
Start importing Assets/Audios/pacman dead.m4a using Guid(816b73c292f0ef64889fbce23680d7b9) Importer(815301076,1909f56bfc062723c751e8b465ee728b)  -> (artifact id: '2aedd3c2f05c09586b19c9ffb7728c92') in 0.001580 seconds
  Import took 0.004102 seconds .

========================================================================
Received Import Request.
  Time since last request: 80.638455 seconds.
  path: Assets/Audios/pacman eat dot.mp3
  artifactKey: Guid(effe7c237e848cb41980e9c252350eab) Importer(815301076,1909f56bfc062723c751e8b465ee728b)
Start importing Assets/Audios/pacman eat dot.mp3 using Guid(effe7c237e848cb41980e9c252350eab) Importer(815301076,1909f56bfc062723c751e8b465ee728b)  -> (artifact id: 'b5e93c93f06c450519210539554b3966') in 0.001463 seconds
  Import took 0.004066 seconds .

========================================================================
Received Import Request.
  Time since last request: 0.001813 seconds.
  path: Assets/Audios/pacman eat dot.mp3
  artifactKey: Guid(effe7c237e848cb41980e9c252350eab) Importer(815301076,1909f56bfc062723c751e8b465ee728b)
Start importing Assets/Audios/pacman eat dot.mp3 using Guid(effe7c237e848cb41980e9c252350eab) Importer(815301076,1909f56bfc062723c751e8b465ee728b)  -> (artifact id: 'b5e93c93f06c450519210539554b3966') in 0.001274 seconds
  Import took 0.003426 seconds .

========================================================================
Received Import Request.
  Time since last request: 9.053173 seconds.
  path: Assets/Audios/pacman dead.mp3
  artifactKey: Guid(25eba9f5a414d194ca5d890dc77651ee) Importer(815301076,1909f56bfc062723c751e8b465ee728b)
Start importing Assets/Audios/pacman dead.mp3 using Guid(25eba9f5a414d194ca5d890dc77651ee) Importer(815301076,1909f56bfc062723c751e8b465ee728b)  -> (artifact id: '9911b3397c03f69d2e875218e6d48d68') in 0.001439 seconds
  Import took 0.004090 seconds .

========================================================================
Received Import Request.
  Time since last request: 0.001857 seconds.
  path: Assets/Audios/pacman dead.mp3
  artifactKey: Guid(25eba9f5a414d194ca5d890dc77651ee) Importer(815301076,1909f56bfc062723c751e8b465ee728b)
Start importing Assets/Audios/pacman dead.mp3 using Guid(25eba9f5a414d194ca5d890dc77651ee) Importer(815301076,1909f56bfc062723c751e8b465ee728b)  -> (artifact id: '9911b3397c03f69d2e875218e6d48d68') in 0.001408 seconds
  Import took 0.003821 seconds .

========================================================================
Received Import Request.
  Time since last request: 67.353227 seconds.
  path: Assets/Audios/normal state ghost.mp3
  artifactKey: Guid(532f6bb046f79f742b0000e3de6e97ef) Importer(815301076,1909f56bfc062723c751e8b465ee728b)
Start importing Assets/Audios/normal state ghost.mp3 using Guid(532f6bb046f79f742b0000e3de6e97ef) Importer(815301076,1909f56bfc062723c751e8b465ee728b)  -> (artifact id: 'c36ed1dc34bbe8e30069a740d382833c') in 0.001502 seconds
  Import took 0.004010 seconds .

========================================================================
Received Import Request.
  Time since last request: 0.002004 seconds.
  path: Assets/Audios/normal state ghost.mp3
  artifactKey: Guid(532f6bb046f79f742b0000e3de6e97ef) Importer(815301076,1909f56bfc062723c751e8b465ee728b)
Start importing Assets/Audios/normal state ghost.mp3 using Guid(532f6bb046f79f742b0000e3de6e97ef) Importer(815301076,1909f56bfc062723c751e8b465ee728b)  -> (artifact id: 'c36ed1dc34bbe8e30069a740d382833c') in 0.001353 seconds
  Import took 0.003556 seconds .

========================================================================
Received Import Request.
  Time since last request: 3.426263 seconds.
  path: Assets/Audios/ghost scared.mp3
  artifactKey: Guid(5bba0abfc379cc64fabbcf55f0eba0cd) Importer(815301076,1909f56bfc062723c751e8b465ee728b)
Start importing Assets/Audios/ghost scared.mp3 using Guid(5bba0abfc379cc64fabbcf55f0eba0cd) Importer(815301076,1909f56bfc062723c751e8b465ee728b)  -> (artifact id: '9344a5684ee54a592e1305d27289f3a5') in 0.001400 seconds
  Import took 0.003855 seconds .

========================================================================
Received Import Request.
  Time since last request: 0.002287 seconds.
  path: Assets/Audios/ghost scared.mp3
  artifactKey: Guid(5bba0abfc379cc64fabbcf55f0eba0cd) Importer(815301076,1909f56bfc062723c751e8b465ee728b)
Start importing Assets/Audios/ghost scared.mp3 using Guid(5bba0abfc379cc64fabbcf55f0eba0cd) Importer(815301076,1909f56bfc062723c751e8b465ee728b)  -> (artifact id: '9344a5684ee54a592e1305d27289f3a5') in 0.001361 seconds
  Import took 0.003613 seconds .

========================================================================
Received Import Request.
  Time since last request: 3.910112 seconds.
  path: Assets/Audios/ghost in dead state.mp3
  artifactKey: Guid(598637cf1eee0d44488f0c335c1c3c7e) Importer(815301076,1909f56bfc062723c751e8b465ee728b)
Start importing Assets/Audios/ghost in dead state.mp3 using Guid(598637cf1eee0d44488f0c335c1c3c7e) Importer(815301076,1909f56bfc062723c751e8b465ee728b)  -> (artifact id: 'a0eb95538d8b8a3196d909f2ae442653') in 0.001566 seconds
  Import took 0.004189 seconds .

========================================================================
Received Import Request.
  Time since last request: 0.002338 seconds.
  path: Assets/Audios/ghost in dead state.mp3
  artifactKey: Guid(598637cf1eee0d44488f0c335c1c3c7e) Importer(815301076,1909f56bfc062723c751e8b465ee728b)
Start importing Assets/Audios/ghost in dead state.mp3 using Guid(598637cf1eee0d44488f0c335c1c3c7e) Importer(815301076,1909f56bfc062723c751e8b465ee728b)  -> (artifact id: 'a0eb95538d8b8a3196d909f2ae442653') in 0.001313 seconds
  Import took 0.003648 seconds .

========================================================================
Received Import Request.
  Time since last request: 45.881540 seconds.
  path: Assets/Audios/NewAudioMixer.mixer
  artifactKey: Guid(566daff0115596340bec3fac3c96000b) Importer(815301076,1909f56bfc062723c751e8b465ee728b)
Start importing Assets/Audios/NewAudioMixer.mixer using Guid(566daff0115596340bec3fac3c96000b) Importer(815301076,1909f56bfc062723c751e8b465ee728b)  -> (artifact id: 'd28a09fc6a298e40db5e70955d1c28dd') in 0.003144 seconds
  Import took 0.005576 seconds .

========================================================================
Received Import Request.
  Time since last request: 20.234674 seconds.
  path: Assets/Audios/ghost in dead state.mp3
  artifactKey: Guid(598637cf1eee0d44488f0c335c1c3c7e) Importer(815301076,1909f56bfc062723c751e8b465ee728b)
Start importing Assets/Audios/ghost in dead state.mp3 using Guid(598637cf1eee0d44488f0c335c1c3c7e) Importer(815301076,1909f56bfc062723c751e8b465ee728b)  -> (artifact id: '5a2a1bc77f28769f598f73e4be1d317a') in 0.001404 seconds
  Import took 0.003728 seconds .

========================================================================
Received Import Request.
  Time since last request: 0.001833 seconds.
  path: Assets/Audios/ghost in dead state.mp3
  artifactKey: Guid(598637cf1eee0d44488f0c335c1c3c7e) Importer(815301076,1909f56bfc062723c751e8b465ee728b)
Start importing Assets/Audios/ghost in dead state.mp3 using Guid(598637cf1eee0d44488f0c335c1c3c7e) Importer(815301076,1909f56bfc062723c751e8b465ee728b)  -> (artifact id: '5a2a1bc77f28769f598f73e4be1d317a') in 0.001344 seconds
  Import took 0.003542 seconds .

========================================================================
Received Import Request.
  Time since last request: 2.935406 seconds.
  path: Assets/Audios/ghost in dead state.mp3
  artifactKey: Guid(598637cf1eee0d44488f0c335c1c3c7e) Importer(815301076,1909f56bfc062723c751e8b465ee728b)
Start importing Assets/Audios/ghost in dead state.mp3 using Guid(598637cf1eee0d44488f0c335c1c3c7e) Importer(815301076,1909f56bfc062723c751e8b465ee728b)  -> (artifact id: '6d3d15090a3a57b7c77eae67471a0198') in 0.001336 seconds
  Import took 0.003773 seconds .

========================================================================
Received Import Request.
  Time since last request: 0.001730 seconds.
  path: Assets/Audios/ghost in dead state.mp3
  artifactKey: Guid(598637cf1eee0d44488f0c335c1c3c7e) Importer(815301076,1909f56bfc062723c751e8b465ee728b)
Start importing Assets/Audios/ghost in dead state.mp3 using Guid(598637cf1eee0d44488f0c335c1c3c7e) Importer(815301076,1909f56bfc062723c751e8b465ee728b)  -> (artifact id: '6d3d15090a3a57b7c77eae67471a0198') in 0.001303 seconds
  Import took 0.003423 seconds .

========================================================================
Received Import Request.
  Time since last request: 2453.130003 seconds.
  path: Assets/Sprite/Maze (1).png
  artifactKey: Guid(30af96ec7e4ac4a40b5f5ade8f94be41) Importer(815301076,1909f56bfc062723c751e8b465ee728b)
Start importing Assets/Sprite/Maze (1).png using Guid(30af96ec7e4ac4a40b5f5ade8f94be41) Importer(815301076,1909f56bfc062723c751e8b465ee728b)  -> (artifact id: '8ed8d20000458c867250465fc8fd9a28') in 0.029982 seconds
  Import took 0.033066 seconds .

========================================================================
Received Import Request.
  Time since last request: 0.002359 seconds.
  path: Assets/Sprite/Maze (1).png
  artifactKey: Guid(30af96ec7e4ac4a40b5f5ade8f94be41) Importer(815301076,1909f56bfc062723c751e8b465ee728b)
Start importing Assets/Sprite/Maze (1).png using Guid(30af96ec7e4ac4a40b5f5ade8f94be41) Importer(815301076,1909f56bfc062723c751e8b465ee728b)  -> (artifact id: '8ed8d20000458c867250465fc8fd9a28') in 0.009491 seconds
  Import took 0.011865 seconds .

========================================================================
Received Import Request.
  Time since last request: 8.217436 seconds.
  path: Assets/Sprite/Maze (1).png
  artifactKey: Guid(30af96ec7e4ac4a40b5f5ade8f94be41) Importer(815301076,1909f56bfc062723c751e8b465ee728b)
Start importing Assets/Sprite/Maze (1).png using Guid(30af96ec7e4ac4a40b5f5ade8f94be41) Importer(815301076,1909f56bfc062723c751e8b465ee728b)  -> (artifact id: 'adc61d3df45007c96d227828904d02d1') in 0.009312 seconds
  Import took 0.012779 seconds .

========================================================================
Received Import Request.
  Time since last request: 0.003887 seconds.
  path: Assets/Sprite/Maze (1).png
  artifactKey: Guid(30af96ec7e4ac4a40b5f5ade8f94be41) Importer(815301076,1909f56bfc062723c751e8b465ee728b)
Start importing Assets/Sprite/Maze (1).png using Guid(30af96ec7e4ac4a40b5f5ade8f94be41) Importer(815301076,1909f56bfc062723c751e8b465ee728b)  -> (artifact id: 'adc61d3df45007c96d227828904d02d1') in 0.012960 seconds
  Import took 0.015422 seconds .

========================================================================
Received Import Request.
  Time since last request: 92.532644 seconds.
  path: Assets/Sprite/Maze (3).png
  artifactKey: Guid(66f55e5dc7ecdd84ab3b442abb28c2a7) Importer(815301076,1909f56bfc062723c751e8b465ee728b)
Start importing Assets/Sprite/Maze (3).png using Guid(66f55e5dc7ecdd84ab3b442abb28c2a7) Importer(815301076,1909f56bfc062723c751e8b465ee728b)  -> (artifact id: '3aab92f32861e51b8891f6edd32d9303') in 0.015115 seconds
  Import took 0.017629 seconds .

========================================================================
Received Import Request.
  Time since last request: 7.031798 seconds.
  path: Assets/Sprite/Maze (3).png
  artifactKey: Guid(66f55e5dc7ecdd84ab3b442abb28c2a7) Importer(815301076,1909f56bfc062723c751e8b465ee728b)
Start importing Assets/Sprite/Maze (3).png using Guid(66f55e5dc7ecdd84ab3b442abb28c2a7) Importer(815301076,1909f56bfc062723c751e8b465ee728b)  -> (artifact id: 'd54cf1e049fcbb6331dd6f33d6972d65') in 0.006470 seconds
  Import took 0.009008 seconds .

========================================================================
Received Import Request.
  Time since last request: 43.237443 seconds.
  path: Assets/Sprite/Maze (4).png
  artifactKey: Guid(c709280b2ff3e4442bc9e8e6d6a6c538) Importer(815301076,1909f56bfc062723c751e8b465ee728b)
Start importing Assets/Sprite/Maze (4).png using Guid(c709280b2ff3e4442bc9e8e6d6a6c538) Importer(815301076,1909f56bfc062723c751e8b465ee728b)  -> (artifact id: '6f862ccdb5771f722e29d88427c0cc55') in 0.009273 seconds
  Import took 0.012006 seconds .

========================================================================
Received Import Request.
  Time since last request: 0.000621 seconds.
  path: Assets/Sprite/Maze (4).png
  artifactKey: Guid(c709280b2ff3e4442bc9e8e6d6a6c538) Importer(815301076,1909f56bfc062723c751e8b465ee728b)
Start importing Assets/Sprite/Maze (4).png using Guid(c709280b2ff3e4442bc9e8e6d6a6c538) Importer(815301076,1909f56bfc062723c751e8b465ee728b)  -> (artifact id: '6f862ccdb5771f722e29d88427c0cc55') in 0.018732 seconds
  Import took 0.021037 seconds .

========================================================================
Received Import Request.
  Time since last request: 11.834819 seconds.
  path: Assets/Sprite/Maze (4).png
  artifactKey: Guid(c709280b2ff3e4442bc9e8e6d6a6c538) Importer(815301076,1909f56bfc062723c751e8b465ee728b)
Start importing Assets/Sprite/Maze (4).png using Guid(c709280b2ff3e4442bc9e8e6d6a6c538) Importer(815301076,1909f56bfc062723c751e8b465ee728b)  -> (artifact id: '3ba1d6f43130842a1ebe63bd3f630606') in 0.006874 seconds
  Import took 0.009385 seconds .

========================================================================
Received Import Request.
  Time since last request: 0.000549 seconds.
  path: Assets/Sprite/Maze (4).png
  artifactKey: Guid(c709280b2ff3e4442bc9e8e6d6a6c538) Importer(815301076,1909f56bfc062723c751e8b465ee728b)
Start importing Assets/Sprite/Maze (4).png using Guid(c709280b2ff3e4442bc9e8e6d6a6c538) Importer(815301076,1909f56bfc062723c751e8b465ee728b)  -> (artifact id: '3ba1d6f43130842a1ebe63bd3f630606') in 0.010852 seconds
  Import took 0.013234 seconds .

========================================================================
Received Import Request.
  Time since last request: 18.368392 seconds.
  path: Assets/Sprite/Maze (4).png
  artifactKey: Guid(c709280b2ff3e4442bc9e8e6d6a6c538) Importer(815301076,1909f56bfc062723c751e8b465ee728b)
Start importing Assets/Sprite/Maze (4).png using Guid(c709280b2ff3e4442bc9e8e6d6a6c538) Importer(815301076,1909f56bfc062723c751e8b465ee728b)  -> (artifact id: '1c1d28dec2df252486ef9ecfceb626f7') in 0.016314 seconds
  Import took 0.018838 seconds .

========================================================================
Received Import Request.
  Time since last request: 45.736887 seconds.
  path: Assets/Sprite/MazeComplete.png
  artifactKey: Guid(c709280b2ff3e4442bc9e8e6d6a6c538) Importer(815301076,1909f56bfc062723c751e8b465ee728b)
Start importing Assets/Sprite/MazeComplete.png using Guid(c709280b2ff3e4442bc9e8e6d6a6c538) Importer(815301076,1909f56bfc062723c751e8b465ee728b)  -> (artifact id: 'f60f4e048bd9bb89d513ded1b5c02473') in 0.014675 seconds
  Import took 0.017203 seconds .

========================================================================
Received Prepare
Registering precompiled user dll's ...
Registered in 0.001092 seconds.
Begin MonoManager ReloadAssembly
Native extension for WindowsStandalone target not found
Native extension for OSXStandalone target not found
Native extension for WebGL target not found
Refreshing native plugins compatible for Editor in 0.42 ms, found 1 plugins.
Preloading 0 native plugins for Editor in 0.00 ms.
Invoked RoslynAnalysisRunner static constructor.
RoslynAnalysisRunner will not be running.
RoslynAnalysisRunner has terminated.
Mono: successfully reloaded assembly
- Completed reload, in  0.668 seconds
Platform modules already initialized, skipping
Refreshing native plugins compatible for Editor in 0.41 ms, found 1 plugins.
Preloading 0 native plugins for Editor in 0.00 ms.
Unloading 2021 Unused Serialized files (Serialized files now loaded: 0)
System memory in use before: 96.7 MB.
System memory in use after: 96.7 MB.

Unloading 33 unused Assets to reduce memory usage. Loaded Objects now: 2557.
Total: 1.838800 ms (FindLiveObjects: 0.165700 ms CreateObjectMapping: 0.072900 ms MarkObjects: 1.510100 ms  DeleteObjects: 0.088800 ms)

========================================================================
Received Prepare
Registering precompiled user dll's ...
Registered in 0.005891 seconds.
Begin MonoManager ReloadAssembly
Native extension for WindowsStandalone target not found
Native extension for OSXStandalone target not found
Native extension for WebGL target not found
Refreshing native plugins compatible for Editor in 0.66 ms, found 1 plugins.
Preloading 0 native plugins for Editor in 0.00 ms.
Invoked RoslynAnalysisRunner static constructor.
RoslynAnalysisRunner will not be running.
RoslynAnalysisRunner has terminated.
Mono: successfully reloaded assembly
- Completed reload, in  0.681 seconds
Platform modules already initialized, skipping
Refreshing native plugins compatible for Editor in 0.41 ms, found 1 plugins.
Preloading 0 native plugins for Editor in 0.00 ms.
Unloading 2021 Unused Serialized files (Serialized files now loaded: 0)
System memory in use before: 96.7 MB.
System memory in use after: 96.7 MB.

Unloading 33 unused Assets to reduce memory usage. Loaded Objects now: 2559.
Total: 1.657400 ms (FindLiveObjects: 0.209500 ms CreateObjectMapping: 0.082000 ms MarkObjects: 1.279700 ms  DeleteObjects: 0.085100 ms)

========================================================================
Received Prepare
Registering precompiled user dll's ...
Registered in 0.001067 seconds.
Begin MonoManager ReloadAssembly
Native extension for WindowsStandalone target not found
Native extension for OSXStandalone target not found
Native extension for WebGL target not found
Refreshing native plugins compatible for Editor in 0.40 ms, found 1 plugins.
Preloading 0 native plugins for Editor in 0.00 ms.
Invoked RoslynAnalysisRunner static constructor.
RoslynAnalysisRunner will not be running.
RoslynAnalysisRunner has terminated.
Mono: successfully reloaded assembly
- Completed reload, in  0.629 seconds
Platform modules already initialized, skipping
Refreshing native plugins compatible for Editor in 0.36 ms, found 1 plugins.
Preloading 0 native plugins for Editor in 0.00 ms.
Unloading 2021 Unused Serialized files (Serialized files now loaded: 0)
System memory in use before: 96.7 MB.
System memory in use after: 96.7 MB.

Unloading 33 unused Assets to reduce memory usage. Loaded Objects now: 2561.
Total: 1.717100 ms (FindLiveObjects: 0.261600 ms CreateObjectMapping: 0.106800 ms MarkObjects: 1.263700 ms  DeleteObjects: 0.083500 ms)

========================================================================
Received Import Request.
  Time since last request: 701.262032 seconds.
  path: Assets/Sprite/MazeComplete 1.png
  artifactKey: Guid(d589d8fa5fe4ea24a81b3739b74c7bef) Importer(815301076,1909f56bfc062723c751e8b465ee728b)
Start importing Assets/Sprite/MazeComplete 1.png using Guid(d589d8fa5fe4ea24a81b3739b74c7bef) Importer(815301076,1909f56bfc062723c751e8b465ee728b)  -> (artifact id: '45a8d1a8a052cf8e704725f9e63f8205') in 0.038554 seconds
  Import took 0.041898 seconds .

========================================================================
Received Import Request.
  Time since last request: 3.384669 seconds.
  path: Assets/Sprite/MazeComplete.png
  artifactKey: Guid(d589d8fa5fe4ea24a81b3739b74c7bef) Importer(815301076,1909f56bfc062723c751e8b465ee728b)
Start importing Assets/Sprite/MazeComplete.png using Guid(d589d8fa5fe4ea24a81b3739b74c7bef) Importer(815301076,1909f56bfc062723c751e8b465ee728b)  -> (artifact id: 'dedf9935b46f95d3e2c0c9ef9a929658') in 0.008843 seconds
  Import took 0.011335 seconds .

========================================================================
Received Import Request.
  Time since last request: 17.073326 seconds.
  path: Assets/Sprite/MazeComplete.png
  artifactKey: Guid(d589d8fa5fe4ea24a81b3739b74c7bef) Importer(815301076,1909f56bfc062723c751e8b465ee728b)
Start importing Assets/Sprite/MazeComplete.png using Guid(d589d8fa5fe4ea24a81b3739b74c7bef) Importer(815301076,1909f56bfc062723c751e8b465ee728b)  -> (artifact id: 'da12895160b19a1591064b94c4b321d5') in 0.007706 seconds
  Import took 0.010217 seconds .

========================================================================
Received Import Request.
  Time since last request: 0.001781 seconds.
  path: Assets/Sprite/MazeComplete.png
  artifactKey: Guid(d589d8fa5fe4ea24a81b3739b74c7bef) Importer(815301076,1909f56bfc062723c751e8b465ee728b)
Start importing Assets/Sprite/MazeComplete.png using Guid(d589d8fa5fe4ea24a81b3739b74c7bef) Importer(815301076,1909f56bfc062723c751e8b465ee728b)  -> (artifact id: 'da12895160b19a1591064b94c4b321d5') in 0.011930 seconds
  Import took 0.014335 seconds .

AssetImportWorkerClient::OnTransportError - code=2 error=End of file
